2024-02-06 15:18:59,188 [INFO] Activator:176 - 


2024-02-06 15:18:59,190 [INFO] Activator:177 - !SESSION log4j initialized
2024-02-06 15:19:01,696 [INFO] LogOutputStream:77 - [STDOUT_REDIRECT] 
2024-02-06 15:19:08,106 [INFO] ApplicationProperties:184 - Using Application install path: C:\ST\STM32CubeIDE_1.14.1\STM32CubeIDE\plugins\com.st.stm32cube.common.mx_6.10.0.202311202037
2024-02-06 15:19:08,139 [INFO] DbMcusXml:78 - Set database path to: C:\ST\STM32CubeIDE_1.14.1\STM32CubeIDE\plugins\com.st.stm32cube.common.mx_6.10.0.202311202037\\db\/mcu/
2024-02-06 15:19:08,140 [INFO] ApiDb:274 - Set plugin database path to: C:\ST\STM32CubeIDE_1.14.1\STM32CubeIDE\plugins\com.st.stm32cube.common.mx_6.10.0.202311202037\\db\/plugins/boardmanager/
2024-02-06 15:19:08,143 [WARN] ApiDb:259 - Overriding images path with different value:  => C:\ST\STM32CubeIDE_1.14.1\STM32CubeIDE\plugins\com.st.stm32cube.common.mx_6.10.0.202311202037\\db\/plugins/mcufinder/images/
2024-02-06 15:19:08,155 [INFO] ApiDb:250 - Set database path to: C:\Users\Morf\.stmcufinder\plugins\mcufinder//mcu/
2024-02-06 15:19:08,157 [INFO] DbMcusAds:125 - Set database path to: C:\Users\Morf\.stmcufinder\plugins\mcufinder//mcu/
2024-02-06 15:19:08,159 [INFO] CrossReferenceDbSqlite:203 - Set database path to: C:\Users\Morf\.stmcufinder\plugins\mcufinder//mcu/cs/
2024-02-06 15:19:08,369 [INFO] RulesReader:64 - Compatibility file has been processed (297 Rules)
2024-02-06 15:19:08,556 [INFO] DbMcusXml:78 - Set database path to: C:\ST\STM32CubeIDE_1.14.1\STM32CubeIDE\plugins\com.st.stm32cube.common.mx_6.10.0.202311202037\\db\/mcu/
2024-02-06 15:19:08,556 [INFO] ApiDb:274 - Set plugin database path to: C:\ST\STM32CubeIDE_1.14.1\STM32CubeIDE\plugins\com.st.stm32cube.common.mx_6.10.0.202311202037\\db\/plugins/boardmanager/
2024-02-06 15:19:08,556 [INFO] ApiDb:261 - Set plugin images path to: C:\ST\STM32CubeIDE_1.14.1\STM32CubeIDE\plugins\com.st.stm32cube.common.mx_6.10.0.202311202037\\db\/plugins/mcufinder/images/
2024-02-06 15:19:08,557 [WARN] DbFile:41 - Overriding database path with different value: C:\Users\Morf\.stmcufinder\plugins\mcufinder/ => C:\Users\Morf\.stmcufinder\plugins\mcufinder
2024-02-06 15:19:08,558 [INFO] ApiDb:250 - Set database path to: C:\Users\Morf\.stmcufinder\plugins\mcufinder//mcu/
2024-02-06 15:19:08,558 [WARN] DbFile:41 - Overriding database path with different value: C:\Users\Morf\.stmcufinder\plugins\mcufinder/ => C:\Users\Morf\.stmcufinder\plugins\mcufinder
2024-02-06 15:19:08,558 [INFO] DbMcusAds:125 - Set database path to: C:\Users\Morf\.stmcufinder\plugins\mcufinder//mcu/
2024-02-06 15:19:08,558 [WARN] DbFile:41 - Overriding database path with different value: C:\Users\Morf\.stmcufinder\plugins\mcufinder/ => C:\Users\Morf\.stmcufinder\plugins\mcufinder
2024-02-06 15:19:08,558 [WARN] DbFile:41 - Overriding database path with different value: C:\Users\Morf\.stmcufinder\plugins\mcufinder/ => C:\Users\Morf\.stmcufinder\plugins\mcufinder
2024-02-06 15:19:08,558 [INFO] CrossReferenceDbSqlite:203 - Set database path to: C:\Users\Morf\.stmcufinder\plugins\mcufinder//mcu/cs/
2024-02-06 15:19:08,700 [INFO] MainPanel:264 - HeapMemory: 268435456
2024-02-06 15:19:08,852 [INFO] DbMcusXml:78 - Set database path to: C:\ST\STM32CubeIDE_1.14.1\STM32CubeIDE\plugins\com.st.stm32cube.common.mx_6.10.0.202311202037\\db\/mcu/
2024-02-06 15:19:08,852 [INFO] ApiDb:274 - Set plugin database path to: C:\ST\STM32CubeIDE_1.14.1\STM32CubeIDE\plugins\com.st.stm32cube.common.mx_6.10.0.202311202037\\db\/plugins/boardmanager/
2024-02-06 15:19:08,852 [INFO] ApiDb:261 - Set plugin images path to: C:\ST\STM32CubeIDE_1.14.1\STM32CubeIDE\plugins\com.st.stm32cube.common.mx_6.10.0.202311202037\\db\/plugins/mcufinder/images/
2024-02-06 15:19:08,853 [WARN] DbFile:41 - Overriding database path with different value: C:\Users\Morf\.stmcufinder\plugins\mcufinder/ => C:\Users\Morf\.stmcufinder\plugins\mcufinder
2024-02-06 15:19:08,853 [INFO] ApiDb:250 - Set database path to: C:\Users\Morf\.stmcufinder\plugins\mcufinder//mcu/
2024-02-06 15:19:08,853 [WARN] DbFile:41 - Overriding database path with different value: C:\Users\Morf\.stmcufinder\plugins\mcufinder/ => C:\Users\Morf\.stmcufinder\plugins\mcufinder
2024-02-06 15:19:08,853 [INFO] DbMcusAds:125 - Set database path to: C:\Users\Morf\.stmcufinder\plugins\mcufinder//mcu/
2024-02-06 15:19:08,853 [WARN] DbFile:41 - Overriding database path with different value: C:\Users\Morf\.stmcufinder\plugins\mcufinder/ => C:\Users\Morf\.stmcufinder\plugins\mcufinder
2024-02-06 15:19:08,853 [WARN] DbFile:41 - Overriding database path with different value: C:\Users\Morf\.stmcufinder\plugins\mcufinder/ => C:\Users\Morf\.stmcufinder\plugins\mcufinder
2024-02-06 15:19:08,854 [INFO] CrossReferenceDbSqlite:203 - Set database path to: C:\Users\Morf\.stmcufinder\plugins\mcufinder//mcu/cs/
2024-02-06 15:19:08,890 [INFO] ApplicationProperties:184 - Using Application install path: C:\ST\STM32CubeIDE_1.14.1\STM32CubeIDE\plugins\com.st.stm32cube.common.mx_6.10.0.202311202037
2024-02-06 15:19:08,893 [INFO] PluginManage:196 - Search for loadable plugins [exclusion list=, ]
2024-02-06 15:19:08,896 [INFO] PluginManage:310 - Check plugin analytics
2024-02-06 15:19:09,260 [INFO] AnalyticsPlugin:253 - Accepted Software Licenses: 
2024-02-06 15:19:09,261 [INFO] AnalyticsPlugin:255 - Accepted CMSIS Pack Licenses: 
2024-02-06 15:19:09,261 [INFO] AnalyticsPlugin:257 - Accepted Firmware Licenses: 
2024-02-06 15:19:09,276 [INFO] PluginManage:359 - Loaded plugin analytics (category:tool,tabindex:-1)
2024-02-06 15:19:09,276 [INFO] PluginManage:310 - Check plugin cadmodel
2024-02-06 15:19:09,286 [INFO] CADModel:105 - Init CAD model plugin
2024-02-06 15:19:09,287 [INFO] PluginManage:359 - Loaded plugin cadmodel (category:power,tabindex:5)
2024-02-06 15:19:09,288 [INFO] PluginManage:310 - Check plugin clock
2024-02-06 15:19:09,309 [INFO] PluginManage:359 - Loaded plugin clock (category:base,tabindex:2)
2024-02-06 15:19:09,309 [INFO] PluginManage:310 - Check plugin ddr
2024-02-06 15:19:09,314 [INFO] PluginManage:359 - Loaded plugin ddr (category:tool,tabindex:6)
2024-02-06 15:19:09,315 [INFO] PluginManage:310 - Check plugin filemanager
2024-02-06 15:19:09,565 [INFO] PluginManage:359 - Loaded plugin filemanager (category:base,tabindex:10)
2024-02-06 15:19:09,565 [INFO] PluginManage:310 - Check plugin ipmanager
2024-02-06 15:19:09,579 [INFO] PluginManage:359 - Loaded plugin ipmanager (category:base,tabindex:5)
2024-02-06 15:19:09,579 [INFO] PluginManage:310 - Check plugin lpbam
2024-02-06 15:19:09,597 [INFO] PluginManage:359 - Loaded plugin lpbam (category:base,tabindex:0)
2024-02-06 15:19:09,597 [INFO] PluginManage:310 - Check plugin memorymap
2024-02-06 15:19:09,626 [INFO] PluginManage:359 - Loaded plugin memorymap (category:base,tabindex:4)
2024-02-06 15:19:09,627 [INFO] PluginManage:310 - Check plugin pinoutandconfiguration
2024-02-06 15:19:09,640 [INFO] PluginManage:359 - Loaded plugin pinoutandconfiguration (category:base,tabindex:1)
2024-02-06 15:19:09,641 [INFO] PluginManage:310 - Check plugin pinoutconfig
2024-02-06 15:19:09,812 [WARN] SupportedApi:132 - Cannot load RTOS API schema: s4s-elt-must-match.1: The content of 'definitions' must match (annotation?, (simpleType | complexType)?, (unique | key | keyref)*)). A problem was found starting at: attribute.
2024-02-06 15:19:10,108 [INFO] PluginManage:359 - Loaded plugin pinoutconfig (category:base,tabindex:0)
2024-02-06 15:19:10,108 [INFO] PluginManage:310 - Check plugin power
2024-02-06 15:19:10,123 [INFO] PluginManage:359 - Loaded plugin power (category:power,tabindex:4)
2024-02-06 15:19:10,123 [INFO] PluginManage:310 - Check plugin projectmanager
2024-02-06 15:19:10,157 [INFO] PluginManage:359 - Loaded plugin projectmanager (category:projectmanager,tabindex:3)
2024-02-06 15:19:10,157 [INFO] PluginManage:310 - Check plugin thirdparty
2024-02-06 15:19:10,416 [INFO] PluginManage:359 - Loaded plugin thirdparty (category:base,tabindex:-1)
2024-02-06 15:19:10,416 [WARN] IntegrityCheckThread:84 - waiting for thirdparty lock release [integrity check]
2024-02-06 15:19:10,416 [INFO] PluginManage:310 - Check plugin tools
2024-02-06 15:19:10,417 [INFO] IntegrityCheckThread:86 - entering critical section [integrity check]
2024-02-06 15:19:10,417 [INFO] ThirdPartyUpdaterWithRetryManager:70 - Updater plugin not ready yet. [1/15]
2024-02-06 15:19:10,422 [INFO] PluginManage:359 - Loaded plugin tools (category:base,tabindex:7)
2024-02-06 15:19:10,422 [INFO] PluginManage:310 - Check plugin tutovideos
2024-02-06 15:19:10,765 [INFO] PluginManage:359 - Loaded plugin tutovideos (category:base,tabindex:-1)
2024-02-06 15:19:10,766 [INFO] PluginManage:310 - Check plugin updater
2024-02-06 15:19:10,783 [INFO] PluginManage:359 - Loaded plugin updater (category:base,tabindex:12)
2024-02-06 15:19:10,783 [INFO] PluginManage:310 - Check plugin userauth
2024-02-06 15:19:10,791 [INFO] UserAuth:114 - Init User Auth plugin
2024-02-06 15:19:10,791 [INFO] PluginManage:359 - Loaded plugin userauth (category:base,tabindex:14)
2024-02-06 15:19:10,792 [INFO] PluginManage:283 - PluginManage : Loaded plugins [17]
2024-02-06 15:19:11,200 [INFO] PinOutPanel:1499 - setPackage(No Configuration,No Configuration)
2024-02-06 15:19:11,347 [INFO] CADModel:165 - CPN selected for project level
2024-02-06 15:19:11,348 [INFO] CADModel:114 - Register for checkConnection events
2024-02-06 15:19:11,374 [INFO] IPUIPlugin:80 - create IPUIPlugin
2024-02-06 15:19:11,375 [INFO] PluginManager:220 - loadIPPluginJar : add adc
2024-02-06 15:19:11,381 [INFO] IPUIPlugin:80 - create IPUIPlugin
2024-02-06 15:19:11,381 [INFO] PluginManager:220 - loadIPPluginJar : add aes
2024-02-06 15:19:11,386 [INFO] IPUIPlugin:80 - create IPUIPlugin
2024-02-06 15:19:11,387 [INFO] PluginManager:220 - loadIPPluginJar : add can
2024-02-06 15:19:11,391 [INFO] IPUIPlugin:80 - create IPUIPlugin
2024-02-06 15:19:11,391 [INFO] PluginManager:220 - loadIPPluginJar : add comp
2024-02-06 15:19:11,396 [INFO] IPUIPlugin:80 - create IPUIPlugin
2024-02-06 15:19:11,397 [INFO] PluginManager:220 - loadIPPluginJar : add cryp
2024-02-06 15:19:11,401 [INFO] IPUIPlugin:80 - create IPUIPlugin
2024-02-06 15:19:11,401 [INFO] PluginManager:220 - loadIPPluginJar : add dfsdm
2024-02-06 15:19:11,414 [INFO] IPUIPlugin:80 - create IPUIPlugin
2024-02-06 15:19:11,416 [INFO] PluginManager:220 - loadIPPluginJar : add dma
2024-02-06 15:19:11,422 [INFO] IPUIPlugin:80 - create IPUIPlugin
2024-02-06 15:19:11,423 [INFO] PluginManager:220 - loadIPPluginJar : add dma3
2024-02-06 15:19:11,425 [INFO] IPUIPlugin:80 - create IPUIPlugin
2024-02-06 15:19:11,427 [INFO] PluginManager:220 - loadIPPluginJar : add fatfs
2024-02-06 15:19:11,435 [INFO] IPUIPlugin:80 - create IPUIPlugin
2024-02-06 15:19:11,436 [INFO] PluginManager:220 - loadIPPluginJar : add fmc
2024-02-06 15:19:11,444 [INFO] IPUIPlugin:80 - create IPUIPlugin
2024-02-06 15:19:11,444 [INFO] PluginManager:220 - loadIPPluginJar : add freertos
2024-02-06 15:19:11,448 [INFO] IPUIPlugin:80 - create IPUIPlugin
2024-02-06 15:19:11,448 [INFO] PluginManager:220 - loadIPPluginJar : add genericplugin
2024-02-06 15:19:11,452 [INFO] IPUIPlugin:80 - create IPUIPlugin
2024-02-06 15:19:11,453 [INFO] PluginManager:220 - loadIPPluginJar : add gfxmmu
2024-02-06 15:19:11,462 [INFO] IPUIPlugin:80 - create IPUIPlugin
2024-02-06 15:19:11,462 [INFO] PluginManager:220 - loadIPPluginJar : add gic
2024-02-06 15:19:11,468 [INFO] IPUIPlugin:80 - create IPUIPlugin
2024-02-06 15:19:11,469 [INFO] PluginManager:220 - loadIPPluginJar : add gpio
2024-02-06 15:19:11,474 [INFO] IPUIPlugin:80 - create IPUIPlugin
2024-02-06 15:19:11,474 [INFO] PluginManager:220 - loadIPPluginJar : add gtzc
2024-02-06 15:19:11,478 [INFO] IPUIPlugin:80 - create IPUIPlugin
2024-02-06 15:19:11,478 [INFO] PluginManager:220 - loadIPPluginJar : add hash
2024-02-06 15:19:11,484 [INFO] IPUIPlugin:80 - create IPUIPlugin
2024-02-06 15:19:11,484 [INFO] PluginManager:220 - loadIPPluginJar : add i2c
2024-02-06 15:19:11,489 [INFO] IPUIPlugin:80 - create IPUIPlugin
2024-02-06 15:19:11,489 [INFO] PluginManager:220 - loadIPPluginJar : add i2s
2024-02-06 15:19:11,492 [INFO] IPUIPlugin:80 - create IPUIPlugin
2024-02-06 15:19:11,494 [INFO] PluginManager:220 - loadIPPluginJar : add i3c
2024-02-06 15:19:11,500 [INFO] IPUIPlugin:80 - create IPUIPlugin
2024-02-06 15:19:11,500 [INFO] PluginManager:220 - loadIPPluginJar : add ipddr
2024-02-06 15:19:11,510 [INFO] IPUIPlugin:80 - create IPUIPlugin
2024-02-06 15:19:11,510 [INFO] PluginManager:220 - loadIPPluginJar : add linkedlist
2024-02-06 15:19:11,515 [INFO] IPUIPlugin:80 - create IPUIPlugin
2024-02-06 15:19:11,516 [INFO] PluginManager:220 - loadIPPluginJar : add lorawan
2024-02-06 15:19:11,518 [INFO] IPUIPlugin:80 - create IPUIPlugin
2024-02-06 15:19:11,518 [INFO] PluginManager:220 - loadIPPluginJar : add ltdc
2024-02-06 15:19:11,528 [INFO] IPUIPlugin:80 - create IPUIPlugin
2024-02-06 15:19:11,528 [INFO] PluginManager:220 - loadIPPluginJar : add mdma
2024-02-06 15:19:11,535 [INFO] IPUIPlugin:80 - create IPUIPlugin
2024-02-06 15:19:11,535 [INFO] PluginManager:220 - loadIPPluginJar : add nvic
2024-02-06 15:19:11,540 [INFO] IPUIPlugin:80 - create IPUIPlugin
2024-02-06 15:19:11,540 [INFO] PluginManager:220 - loadIPPluginJar : add opamp
2024-02-06 15:19:11,545 [INFO] IPUIPlugin:80 - create IPUIPlugin
2024-02-06 15:19:11,545 [INFO] PluginManager:220 - loadIPPluginJar : add openamp
2024-02-06 15:19:11,552 [INFO] IPUIPlugin:80 - create IPUIPlugin
2024-02-06 15:19:11,552 [INFO] PluginManager:220 - loadIPPluginJar : add pdm2pcm
2024-02-06 15:19:11,564 [INFO] IPUIPlugin:80 - create IPUIPlugin
2024-02-06 15:19:11,572 [INFO] PluginManager:220 - loadIPPluginJar : add plateformsettings
2024-02-06 15:19:11,575 [INFO] IPUIPlugin:80 - create IPUIPlugin
2024-02-06 15:19:11,576 [INFO] PluginManager:220 - loadIPPluginJar : add quadspi
2024-02-06 15:19:11,582 [INFO] IPUIPlugin:80 - create IPUIPlugin
2024-02-06 15:19:11,582 [INFO] PluginManager:220 - loadIPPluginJar : add resmgrutility
2024-02-06 15:19:11,589 [INFO] IPUIPlugin:80 - create IPUIPlugin
2024-02-06 15:19:11,590 [INFO] PluginManager:220 - loadIPPluginJar : add sai
2024-02-06 15:19:11,594 [INFO] IPUIPlugin:80 - create IPUIPlugin
2024-02-06 15:19:11,595 [INFO] PluginManager:220 - loadIPPluginJar : add spi
2024-02-06 15:19:11,605 [INFO] IPUIPlugin:80 - create IPUIPlugin
2024-02-06 15:19:11,605 [INFO] PluginManager:220 - loadIPPluginJar : add stm32_wpan
2024-02-06 15:19:11,609 [INFO] IPUIPlugin:80 - create IPUIPlugin
2024-02-06 15:19:11,609 [INFO] PluginManager:220 - loadIPPluginJar : add tim
2024-02-06 15:19:11,614 [INFO] IPUIPlugin:80 - create IPUIPlugin
2024-02-06 15:19:11,614 [INFO] PluginManager:220 - loadIPPluginJar : add touchsensing
2024-02-06 15:19:11,617 [INFO] IPUIPlugin:80 - create IPUIPlugin
2024-02-06 15:19:11,617 [INFO] PluginManager:220 - loadIPPluginJar : add tracer_emb
2024-02-06 15:19:11,621 [INFO] IPUIPlugin:80 - create IPUIPlugin
2024-02-06 15:19:11,621 [INFO] PluginManager:220 - loadIPPluginJar : add ts
2024-02-06 15:19:11,623 [INFO] IPUIPlugin:80 - create IPUIPlugin
2024-02-06 15:19:11,624 [INFO] PluginManager:220 - loadIPPluginJar : add tsc
2024-02-06 15:19:11,628 [INFO] IPUIPlugin:80 - create IPUIPlugin
2024-02-06 15:19:11,628 [INFO] PluginManager:220 - loadIPPluginJar : add ucpd
2024-02-06 15:19:11,634 [INFO] IPUIPlugin:80 - create IPUIPlugin
2024-02-06 15:19:11,634 [INFO] PluginManager:220 - loadIPPluginJar : add usart
2024-02-06 15:19:11,639 [INFO] IPUIPlugin:80 - create IPUIPlugin
2024-02-06 15:19:11,639 [INFO] PluginManager:220 - loadIPPluginJar : add usbx
2024-02-06 15:19:11,818 [INFO] CADModel:165 - CPN selected for project level
2024-02-06 15:19:11,819 [INFO] CADModel:114 - Register for checkConnection events
2024-02-06 15:19:11,819 [FATAL] Updater:308 - Updater called before beeing initialized
2024-02-06 15:19:11,819 [ERROR] CADModel:125 - Updater not yet initialized, retry later 
2024-02-06 15:19:12,071 [INFO] CADModel:165 - CPN selected for project level
2024-02-06 15:19:12,071 [INFO] CADModel:114 - Register for checkConnection events
2024-02-06 15:19:12,071 [FATAL] Updater:308 - Updater called before beeing initialized
2024-02-06 15:19:12,071 [ERROR] CADModel:125 - Updater not yet initialized, retry later 
2024-02-06 15:19:12,076 [FATAL] Updater:308 - Updater called before beeing initialized
2024-02-06 15:19:12,252 [FATAL] Updater:308 - Updater called before beeing initialized
2024-02-06 15:19:12,259 [INFO] DbMcusAds:53 - JSON generation date=Wed Nov 29 14:52:27 GMT+04:00 2023 (1701255147200)
2024-02-06 15:19:12,259 [FATAL] Updater:308 - Updater called before beeing initialized
2024-02-06 15:19:12,341 [WARN] DetailPanel:346 - Failed to get advertising image, set to default
2024-02-06 15:19:12,516 [FATAL] Updater:308 - Updater called before beeing initialized
2024-02-06 15:19:12,520 [FATAL] Updater:308 - Updater called before beeing initialized
2024-02-06 15:19:12,520 [FATAL] Updater:308 - Updater called before beeing initialized
2024-02-06 15:19:12,520 [WARN] DetailPanel:346 - Failed to get advertising image, set to default
2024-02-06 15:19:12,521 [FATAL] Updater:308 - Updater called before beeing initialized
2024-02-06 15:19:12,603 [ERROR] Updater:1120 - MainUpdater not yet initialized. External WinMGr cannot be set.
2024-02-06 15:19:12,614 [INFO] Updater:1056 - Updater Version found : 6.10.0
2024-02-06 15:19:12,650 [INFO] ApplicationProperties:184 - Using Application install path: C:\ST\STM32CubeIDE_1.14.1\STM32CubeIDE\plugins\com.st.stm32cube.common.mx_6.10.0.202311202037
2024-02-06 15:19:13,206 [INFO] MainUpdater:2873 - connection check result : 10
2024-02-06 15:19:13,208 [INFO] MainUpdater:290 - Updater Check For Update Now.
2024-02-06 15:19:13,208 [INFO] MicroXplorer:498 - Change Database Version : DB.6.0.100
2024-02-06 15:19:13,224 [INFO] McuFinderGlobals:63 - Set McuFinder mode to 2 (CubeIDE integrated)
2024-02-06 15:19:13,225 [INFO] UserAuth:180 - activating auth plugin
2024-02-06 15:19:13,229 [INFO] UserAuth:404 - Internet connection configuration mode: 1
2024-02-06 15:19:13,260 [INFO] JxBrowserEngine:152 - Initiate JxBrowser Engine with user profile folder
2024-02-06 15:19:13,419 [WARN] MainUpdater:1194 - Updater busy. Cannot search thirdparties
2024-02-06 15:19:13,419 [INFO] ThirdPartyUpdaterWithRetryManager:96 - Updater plugin is busy. [1/15]
2024-02-06 15:19:13,430 [INFO] CheckServerUpdateThread:120 - End of CheckServer Thread
2024-02-06 15:19:14,345 [INFO] WebApp:161 - Instantiating new browser for Auth
2024-02-06 15:19:15,242 [INFO] WebApp:780 - Register for checkConnection events
2024-02-06 15:19:15,242 [INFO] WebApp:414 - Apply proxy settings
2024-02-06 15:19:15,242 [INFO] WebApp:499 - Chromium requires no authentication
2024-02-06 15:19:15,248 [INFO] WebApp:442 - Direct internet connection detected
2024-02-06 15:19:15,404 [INFO] WebApp:192 - Starting web application
2024-02-06 15:19:15,404 [INFO] WebApp:544 - Web application path used C:\ST\STM32CubeIDE_1.14.1\STM32CubeIDE\plugins\com.st.stm32cube.common.mx_6.10.0.202311202037\db\plugins\mcufinder\reactClient1\index.html
2024-02-06 15:19:16,569 [WARN] PackLoader:240 - Cannot read IP mode file for STMicroelectronics.X-CUBE-SMBUS.2.1.0
2024-02-06 15:19:16,575 [WARN] PackLoader:240 - Cannot read IP mode file for STMicroelectronics.X-CUBE-TOUCHGFX.4.23.0
2024-02-06 15:19:16,656 [WARN] PackLoader:240 - Cannot read IP mode file for STMicroelectronics.X-CUBE-MEMS1.9.2.0
2024-02-06 15:19:16,833 [WARN] PackLoader:240 - Cannot read IP mode file for STMicroelectronics.X-CUBE-AZRTOS-F7.1.1.0
2024-02-06 15:19:16,842 [WARN] PackLoader:240 - Cannot read IP mode file for STMicroelectronics.X-CUBE-TOUCHGFX.4.19.1
2024-02-06 15:19:16,848 [ERROR] RealEvaluatedCondition:428 - Found unsupported composite condition: GROUP='STM32_MetaDataManager' CLASS='Data Exchange'
2024-02-06 15:19:16,849 [ERROR] RealEvaluatedCondition:428 - Found unsupported composite condition: CLASS='Data Exchange' GROUP='STM32_MetaDataManager'
2024-02-06 15:19:16,850 [WARN] PackLoader:240 - Cannot read IP mode file for STMicroelectronics.FP-SNS-MOTENV1.4.3.0
2024-02-06 15:19:16,856 [WARN] PackLoader:240 - Cannot read IP mode file for STMicroelectronics.FP-SNS-MOTENV1.4.3.2
2024-02-06 15:19:16,862 [WARN] PackLoader:240 - Cannot read IP mode file for STMicroelectronics.FP-SNS-FLIGHT1.5.0.0
2024-02-06 15:19:16,868 [ERROR] RealEvaluatedCondition:428 - Found unsupported composite condition: CLASS='Data Exchange' GROUP='STM32_MetaDataManager'
2024-02-06 15:19:16,868 [ERROR] RealEvaluatedCondition:428 - Found unsupported composite condition: GROUP='STM32_MetaDataManager' CLASS='Data Exchange'
2024-02-06 15:19:16,870 [WARN] PackLoader:240 - Cannot read IP mode file for STMicroelectronics.FP-SNS-MOTENV1.4.3.1
2024-02-06 15:19:16,875 [WARN] PackLoader:240 - Cannot read IP mode file for STMicroelectronics.FP-SNS-FLIGHT1.5.0.1
2024-02-06 15:19:16,885 [WARN] PackLoader:240 - Cannot read IP mode file for STMicroelectronics.X-CUBE-BLE1.6.2.4
2024-02-06 15:19:16,891 [WARN] PackLoader:240 - Cannot read IP mode file for STMicroelectronics.FP-SNS-FLIGHT1.5.0.2
2024-02-06 15:19:16,904 [WARN] PackLoader:240 - Cannot read IP mode file for STMicroelectronics.X-CUBE-TOF1.3.1.0
2024-02-06 15:19:16,917 [WARN] PackLoader:240 - Cannot read IP mode file for STMicroelectronics.X-CUBE-DISPLAY.3.0.0
2024-02-06 15:19:16,929 [WARN] PackLoader:240 - Cannot read IP mode file for STMicroelectronics.X-CUBE-BLE1.7.0.0
2024-02-06 15:19:16,936 [WARN] PackLoader:240 - Cannot read IP mode file for STMicroelectronics.X-CUBE-TOUCHGFX.4.22.0
2024-02-06 15:19:16,940 [WARN] PackLoader:240 - Cannot read IP mode file for STMicroelectronics.X-CUBE-TOUCHGFX.4.22.1
2024-02-06 15:19:17,012 [WARN] PackLoader:240 - Cannot read IP mode file for STMicroelectronics.X-CUBE-MEMS1.9.3.0
2024-02-06 15:19:17,158 [WARN] PackLoader:240 - Cannot read IP mode file for STMicroelectronics.X-CUBE-AI.7.2.0
2024-02-06 15:19:17,164 [WARN] PackLoader:240 - Cannot read IP mode file for STMicroelectronics.FP-SNS-SMARTAG2.1.2.0
2024-02-06 15:19:17,175 [INFO] LogOutputStream:77 - [STDOUT_REDIRECT] 1 : Invalid condition id : UX_CORESTACK_Condition cause : null
2024-02-06 15:19:17,177 [INFO] LogOutputStream:77 - [STDOUT_REDIRECT] 1 : Invalid condition id : UX_CORESTACK_Condition cause : null
2024-02-06 15:19:17,178 [INFO] LogOutputStream:77 - [STDOUT_REDIRECT] 1 : Invalid condition id : UX_CORESTACK_Condition cause : null
2024-02-06 15:19:17,180 [INFO] LogOutputStream:77 - [STDOUT_REDIRECT] 1 : Invalid condition id : UX_CORESTACK_Condition cause : null
2024-02-06 15:19:17,183 [INFO] LogOutputStream:77 - [STDOUT_REDIRECT] 1 : Invalid condition id : UX_CORESTACK_Condition cause : null
2024-02-06 15:19:17,187 [WARN] PackLoader:240 - Cannot read IP mode file for STMicroelectronics.X-CUBE-AZRTOS-WL.2.0.0
2024-02-06 15:19:17,197 [WARN] PackLoader:240 - Cannot read IP mode file for WES.I-CUBE-Cesium.1.3.0
2024-02-06 15:19:17,204 [WARN] PackLoader:240 - Cannot read IP mode file for STMicroelectronics.X-CUBE-BLE2.3.3.0
2024-02-06 15:19:17,215 [WARN] PackLoader:240 - Cannot read IP mode file for STMicroelectronics.X-CUBE-TOF1.3.2.0
2024-02-06 15:19:17,226 [WARN] PackLoader:240 - Cannot read IP mode file for STMicroelectronics.X-CUBE-ISPU.1.0.0
2024-02-06 15:19:17,230 [WARN] PackLoader:240 - Cannot read IP mode file for STMicroelectronics.X-CUBE-TOUCHGFX.4.21.1
2024-02-06 15:19:17,234 [WARN] PackLoader:240 - Cannot read IP mode file for STMicroelectronics.X-CUBE-TOUCHGFX.4.21.0
2024-02-06 15:19:17,238 [WARN] PackLoader:240 - Cannot read IP mode file for STMicroelectronics.X-CUBE-TOUCHGFX.4.21.3
2024-02-06 15:19:17,241 [WARN] PackLoader:240 - Cannot read IP mode file for STMicroelectronics.X-CUBE-TOUCHGFX.4.21.4
2024-02-06 15:19:17,292 [WARN] PackLoader:240 - Cannot read IP mode file for STMicroelectronics.X-CUBE-MEMS1.9.4.0
2024-02-06 15:19:17,414 [WARN] PackLoader:240 - Cannot read IP mode file for STMicroelectronics.X-CUBE-AI.7.3.0
2024-02-06 15:19:17,430 [WARN] PackLoader:240 - Cannot read IP mode file for STMicroelectronics.X-CUBE-AZRTOS-G0.1.1.0
2024-02-06 15:19:17,440 [WARN] PackLoader:240 - Cannot read IP mode file for STMicroelectronics.X-CUBE-NFC4.3.0.0
2024-02-06 15:19:17,451 [WARN] PackLoader:240 - Cannot read IP mode file for STMicroelectronics.X-CUBE-BLEMGR.3.0.0
2024-02-06 15:19:17,461 [WARN] PackLoader:240 - Cannot read IP mode file for STMicroelectronics.X-CUBE-BLEMGR.1.3.0
2024-02-06 15:19:17,468 [WARN] PackLoader:240 - Cannot read IP mode file for STMicroelectronics.FP-ATR-SIGFOX1.3.2.0
2024-02-06 15:19:17,477 [WARN] PackLoader:240 - Cannot read IP mode file for STMicroelectronics.X-CUBE-EEPRMA1.5.1.0
2024-02-06 15:19:17,488 [WARN] PackLoader:240 - Cannot read IP mode file for emotas.I-CUBE-CANOPEN.1.1.2
2024-02-06 15:19:17,492 [WARN] PackLoader:240 - Cannot read IP mode file for STMicroelectronics.X-CUBE-TOUCHGFX.4.20.0
2024-02-06 15:19:17,533 [WARN] PackLoader:240 - Cannot read IP mode file for STMicroelectronics.X-CUBE-MEMS1.9.5.0
2024-02-06 15:19:17,736 [WARN] PackLoader:240 - Cannot read IP mode file for SEGGER.I-CUBE-embOS.1.3.1
2024-02-06 15:19:17,775 [WARN] PackLoader:240 - Cannot read IP mode file for STMicroelectronics.X-CUBE-GNSS1.6.0.0
2024-02-06 15:19:17,799 [WARN] PackLoader:240 - Cannot read IP mode file for STMicroelectronics.X-CUBE-AZRTOS-F4.1.1.0
2024-02-06 15:19:17,808 [WARN] PackLoader:240 - Cannot read IP mode file for STMicroelectronics.X-CUBE-BLEMGR.1.2.0
2024-02-06 15:19:17,825 [WARN] PackLoader:240 - Cannot read IP mode file for STMicroelectronics.X-CUBE-AZRTOS-L5.2.0.0
2024-02-06 15:19:17,873 [WARN] PackLoader:240 - Cannot read IP mode file for STMicroelectronics.X-CUBE-MEMS1.9.6.0
2024-02-06 15:19:18,030 [WARN] PackLoader:240 - Cannot read IP mode file for STMicroelectronics.X-CUBE-EEPRMA1.4.2.0
2024-02-06 15:19:18,039 [WARN] PackLoader:240 - Cannot read IP mode file for ITTIA_DB.I-CUBE-ITTIADB.8.8.0
2024-02-06 15:19:18,051 [WARN] PackLoader:240 - Cannot read IP mode file for STMicroelectronics.X-CUBE-BLEMGR.2.0.0
2024-02-06 15:19:18,059 [WARN] PackLoader:240 - Cannot read IP mode file for STMicroelectronics.X-CUBE-NFC4.2.0.5
2024-02-06 15:19:18,068 [WARN] PackLoader:240 - Cannot read IP mode file for STMicroelectronics.X-CUBE-TOUCHGFX.4.15.0
2024-02-06 15:19:18,228 [WARN] ConditionMgr:438 - getConditionDescription Invalid condition id : UX DEVICE CLASS RTOS Condition cause : null
2024-02-06 15:19:18,228 [WARN] ConditionMgr:438 - getConditionDescription Invalid condition id : UX DEVICE CLASS RTOS Condition cause : null
2024-02-06 15:19:18,233 [WARN] PackLoader:240 - Cannot read IP mode file for STMicroelectronics.X-CUBE-AZRTOS-H7.3.1.0
2024-02-06 15:19:18,234 [WARN] ConditionMgr:1039 - genDependencies : Invalid condition id : UX DEVICE CLASS RTOS Condition cause : null
2024-02-06 15:19:18,235 [WARN] ConditionMgr:1039 - genDependencies : Invalid condition id : UX DEVICE CLASS RTOS Condition cause : null
2024-02-06 15:19:18,237 [WARN] ConditionMgr:1039 - genDependencies : Invalid condition id : UX DEVICE CLASS RTOS Condition cause : null
2024-02-06 15:19:18,237 [WARN] ConditionMgr:1039 - genDependencies : Invalid condition id : UX DEVICE CLASS RTOS Condition cause : null
2024-02-06 15:19:18,237 [WARN] ConditionMgr:1039 - genDependencies : Invalid condition id : UX DEVICE CLASS RTOS Condition cause : null
2024-02-06 15:19:18,246 [WARN] PackLoader:240 - Cannot read IP mode file for STMicroelectronics.X-CUBE-NFC7.1.0.1
2024-02-06 15:19:18,262 [WARN] PackLoader:240 - Cannot read IP mode file for STMicroelectronics.X-CUBE-NFC6.3.0.0
2024-02-06 15:19:18,282 [WARN] PackLoader:240 - Cannot read IP mode file for STMicroelectronics.X-CUBE-EEPRMA1.4.1.0
2024-02-06 15:19:18,289 [WARN] PackLoader:240 - Cannot read IP mode file for STMicroelectronics.X-CUBE-AI.8.1.0
2024-02-06 15:19:18,315 [WARN] ConditionMgr:438 - getConditionDescription Invalid condition id : LAN8742 Phy interface Condition cause : null
2024-02-06 15:19:18,316 [WARN] PackLoader:240 - Cannot read IP mode file for STMicroelectronics.X-CUBE-AZRTOS-L4.2.0.0
2024-02-06 15:19:18,319 [WARN] ConditionMgr:1039 - genDependencies : Invalid condition id : LAN8742 Phy interface Condition cause : null
2024-02-06 15:19:18,319 [WARN] ConditionMgr:1039 - genDependencies : Invalid condition id : LAN8742 Phy interface Condition cause : null
2024-02-06 15:19:18,320 [WARN] ConditionMgr:1039 - genDependencies : Invalid condition id : LAN8742 Phy interface Condition cause : null
2024-02-06 15:19:18,331 [WARN] PackLoader:240 - Cannot read IP mode file for STMicroelectronics.X-CUBE-SFXS2LP1.4.0.0
2024-02-06 15:19:18,359 [WARN] PackLoader:240 - Cannot read IP mode file for STMicroelectronics.X-CUBE-AZRTOS-H7.3.0.0
2024-02-06 15:19:18,368 [WARN] PackLoader:240 - Cannot read IP mode file for STMicroelectronics.X-CUBE-ISPU.1.1.0
2024-02-06 15:19:18,374 [WARN] PackLoader:240 - Cannot read IP mode file for STMicroelectronics.X-CUBE-AI.8.0.0
2024-02-06 15:19:18,391 [WARN] ConditionMgr:438 - getConditionDescription Invalid condition id : UX DEVICE CLASS RTOS Condition cause : null
2024-02-06 15:19:18,391 [WARN] ConditionMgr:438 - getConditionDescription Invalid condition id : UX DEVICE CLASS RTOS Condition cause : null
2024-02-06 15:19:18,394 [WARN] PackLoader:240 - Cannot read IP mode file for STMicroelectronics.X-CUBE-AZRTOS-WB.2.0.0
2024-02-06 15:19:18,395 [WARN] ConditionMgr:1039 - genDependencies : Invalid condition id : UX DEVICE CLASS RTOS Condition cause : null
2024-02-06 15:19:18,396 [WARN] ConditionMgr:1039 - genDependencies : Invalid condition id : UX DEVICE CLASS RTOS Condition cause : null
2024-02-06 15:19:18,396 [WARN] ConditionMgr:1039 - genDependencies : Invalid condition id : UX DEVICE CLASS RTOS Condition cause : null
2024-02-06 15:19:18,396 [WARN] ConditionMgr:1039 - genDependencies : Invalid condition id : UX DEVICE CLASS RTOS Condition cause : null
2024-02-06 15:19:18,398 [WARN] ConditionMgr:1039 - genDependencies : Invalid condition id : UX DEVICE CLASS RTOS Condition cause : null
2024-02-06 15:19:18,405 [WARN] PackLoader:240 - Cannot read IP mode file for STMicroelectronics.X-CUBE-FREERTOS.1.0.0
2024-02-06 15:19:18,412 [WARN] PackLoader:240 - Cannot read IP mode file for STMicroelectronics.X-CUBE-FREERTOS.1.0.1
2024-02-06 15:19:18,422 [WARN] PackLoader:240 - Cannot read IP mode file for STMicroelectronics.X-CUBE-BLEMGR.1.0.0
2024-02-06 15:19:18,441 [WARN] PackLoader:240 - Cannot read IP mode file for STMicroelectronics.X-CUBE-AZRTOS-L5.1.1.0
2024-02-06 15:19:18,451 [WARN] PackLoader:240 - Cannot read IP mode file for STMicroelectronics.X-CUBE-AI.8.0.1
2024-02-06 15:19:18,464 [WARN] PackLoader:240 - Cannot read IP mode file for STMicroelectronics.X-CUBE-TOF1.3.3.1
2024-02-06 15:19:18,494 [WARN] PackLoader:240 - Cannot read IP mode file for STMicroelectronics.X-CUBE-AZRTOS-G4.2.0.0
2024-02-06 15:19:18,510 [WARN] PackLoader:240 - Cannot read IP mode file for STMicroelectronics.X-CUBE-TOF1.3.3.0
2024-02-06 15:19:18,524 [WARN] PackLoader:240 - Cannot read IP mode file for STMicroelectronics.FP-ATR-ASTRA1.1.1.1
2024-02-06 15:19:18,540 [WARN] PackLoader:240 - Cannot read IP mode file for Infineon.AIROC-Wi-Fi-Bluetooth-STM32.1.5.1
2024-02-06 15:19:18,549 [WARN] PackLoader:240 - Cannot read IP mode file for STMicroelectronics.FP-ATR-ASTRA1.1.1.0
2024-02-06 15:19:18,555 [WARN] PackLoader:240 - Cannot read IP mode file for STMicroelectronics.FP-SNS-MOTENVWB1.1.3.0
2024-02-06 15:19:18,561 [WARN] PackLoader:240 - Cannot read IP mode file for STMicroelectronics.FP-SNS-MOTENVWB1.1.3.1
2024-02-06 15:19:18,568 [WARN] PackLoader:240 - Cannot read IP mode file for STMicroelectronics.X-CUBE-ISPU.2.0.0
2024-02-06 15:19:18,618 [WARN] PackLoader:240 - Cannot read IP mode file for STMicroelectronics.X-CUBE-MEMS1.10.0.0
2024-02-06 15:19:18,762 [WARN] PackLoader:240 - Cannot read IP mode file for STMicroelectronics.X-CUBE-FREERTOS.1.1.0
2024-02-06 15:19:18,773 [WARN] PackLoader:240 - Cannot read IP mode file for STMicroelectronics.X-CUBE-AZRTOS-WB.1.1.0
2024-02-06 15:19:18,777 [WARN] PackLoader:240 - Cannot read IP mode file for STMicroelectronics.FP-ATR-ASTRA1.2.0.0
2024-02-06 15:19:18,789 [WARN] PackLoader:240 - Cannot read IP mode file for STMicroelectronics.X-CUBE-TOF1.3.4.0
2024-02-06 15:19:18,816 [WARN] PackLoader:240 - Cannot read IP mode file for STMicroelectronics.X-CUBE-AZRTOS-H7.3.2.0
2024-02-06 15:19:18,820 [INFO] ThirdParty:978 - Integrity check success = true
2024-02-06 15:19:18,821 [INFO] IntegrityCheckThread:100 - exiting critical section [integrity check]
2024-02-06 15:19:18,821 [INFO] IntegrityCheckThread:103 - End integrity checks thread
2024-02-06 15:19:36,197 [ERROR] LogOutputStream:75 - [STDERR_REDIRECT] SLF4J: Failed to load class "org.slf4j.impl.StaticLoggerBinder".
2024-02-06 15:19:36,197 [ERROR] LogOutputStream:75 - [STDERR_REDIRECT] SLF4J: Defaulting to no-operation (NOP) logger implementation
2024-02-06 15:19:36,199 [ERROR] LogOutputStream:75 - [STDERR_REDIRECT] SLF4J: See http://www.slf4j.org/codes.html#StaticLoggerBinder for further details.
2024-02-06 15:28:25,145 [ERROR] LogOutputStream:75 - [STDERR_REDIRECT] 
2024-02-06 15:28:41,422 [INFO] Activator:176 - 


2024-02-06 15:28:41,424 [INFO] Activator:177 - !SESSION log4j initialized
2024-02-06 15:28:47,930 [INFO] LogOutputStream:77 - [STDOUT_REDIRECT] 
2024-02-06 15:28:52,120 [INFO] ApplicationProperties:184 - Using Application install path: C:\ST\STM32CubeIDE_1.14.1\STM32CubeIDE\plugins\com.st.stm32cube.common.mx_6.10.0.202311202037
2024-02-06 15:28:52,153 [INFO] DbMcusXml:78 - Set database path to: C:\ST\STM32CubeIDE_1.14.1\STM32CubeIDE\plugins\com.st.stm32cube.common.mx_6.10.0.202311202037\\db\/mcu/
2024-02-06 15:28:52,154 [INFO] ApiDb:274 - Set plugin database path to: C:\ST\STM32CubeIDE_1.14.1\STM32CubeIDE\plugins\com.st.stm32cube.common.mx_6.10.0.202311202037\\db\/plugins/boardmanager/
2024-02-06 15:28:52,155 [WARN] ApiDb:259 - Overriding images path with different value:  => C:\ST\STM32CubeIDE_1.14.1\STM32CubeIDE\plugins\com.st.stm32cube.common.mx_6.10.0.202311202037\\db\/plugins/mcufinder/images/
2024-02-06 15:28:52,170 [INFO] ApiDb:250 - Set database path to: C:\Users\Morf\.stmcufinder\plugins\mcufinder//mcu/
2024-02-06 15:28:52,173 [INFO] DbMcusAds:125 - Set database path to: C:\Users\Morf\.stmcufinder\plugins\mcufinder//mcu/
2024-02-06 15:28:52,178 [INFO] CrossReferenceDbSqlite:203 - Set database path to: C:\Users\Morf\.stmcufinder\plugins\mcufinder//mcu/cs/
2024-02-06 15:28:52,404 [INFO] RulesReader:64 - Compatibility file has been processed (297 Rules)
2024-02-06 15:28:52,584 [INFO] DbMcusXml:78 - Set database path to: C:\ST\STM32CubeIDE_1.14.1\STM32CubeIDE\plugins\com.st.stm32cube.common.mx_6.10.0.202311202037\\db\/mcu/
2024-02-06 15:28:52,584 [INFO] ApiDb:274 - Set plugin database path to: C:\ST\STM32CubeIDE_1.14.1\STM32CubeIDE\plugins\com.st.stm32cube.common.mx_6.10.0.202311202037\\db\/plugins/boardmanager/
2024-02-06 15:28:52,585 [INFO] ApiDb:261 - Set plugin images path to: C:\ST\STM32CubeIDE_1.14.1\STM32CubeIDE\plugins\com.st.stm32cube.common.mx_6.10.0.202311202037\\db\/plugins/mcufinder/images/
2024-02-06 15:28:52,585 [WARN] DbFile:41 - Overriding database path with different value: C:\Users\Morf\.stmcufinder\plugins\mcufinder/ => C:\Users\Morf\.stmcufinder\plugins\mcufinder
2024-02-06 15:28:52,585 [INFO] ApiDb:250 - Set database path to: C:\Users\Morf\.stmcufinder\plugins\mcufinder//mcu/
2024-02-06 15:28:52,586 [WARN] DbFile:41 - Overriding database path with different value: C:\Users\Morf\.stmcufinder\plugins\mcufinder/ => C:\Users\Morf\.stmcufinder\plugins\mcufinder
2024-02-06 15:28:52,586 [INFO] DbMcusAds:125 - Set database path to: C:\Users\Morf\.stmcufinder\plugins\mcufinder//mcu/
2024-02-06 15:28:52,586 [WARN] DbFile:41 - Overriding database path with different value: C:\Users\Morf\.stmcufinder\plugins\mcufinder/ => C:\Users\Morf\.stmcufinder\plugins\mcufinder
2024-02-06 15:28:52,586 [WARN] DbFile:41 - Overriding database path with different value: C:\Users\Morf\.stmcufinder\plugins\mcufinder/ => C:\Users\Morf\.stmcufinder\plugins\mcufinder
2024-02-06 15:28:52,586 [INFO] CrossReferenceDbSqlite:203 - Set database path to: C:\Users\Morf\.stmcufinder\plugins\mcufinder//mcu/cs/
2024-02-06 15:28:52,779 [INFO] MainPanel:264 - HeapMemory: 268435456
2024-02-06 15:28:53,011 [INFO] DbMcusXml:78 - Set database path to: C:\ST\STM32CubeIDE_1.14.1\STM32CubeIDE\plugins\com.st.stm32cube.common.mx_6.10.0.202311202037\\db\/mcu/
2024-02-06 15:28:53,011 [INFO] ApiDb:274 - Set plugin database path to: C:\ST\STM32CubeIDE_1.14.1\STM32CubeIDE\plugins\com.st.stm32cube.common.mx_6.10.0.202311202037\\db\/plugins/boardmanager/
2024-02-06 15:28:53,012 [INFO] ApiDb:261 - Set plugin images path to: C:\ST\STM32CubeIDE_1.14.1\STM32CubeIDE\plugins\com.st.stm32cube.common.mx_6.10.0.202311202037\\db\/plugins/mcufinder/images/
2024-02-06 15:28:53,013 [WARN] DbFile:41 - Overriding database path with different value: C:\Users\Morf\.stmcufinder\plugins\mcufinder/ => C:\Users\Morf\.stmcufinder\plugins\mcufinder
2024-02-06 15:28:53,013 [INFO] ApiDb:250 - Set database path to: C:\Users\Morf\.stmcufinder\plugins\mcufinder//mcu/
2024-02-06 15:28:53,013 [WARN] DbFile:41 - Overriding database path with different value: C:\Users\Morf\.stmcufinder\plugins\mcufinder/ => C:\Users\Morf\.stmcufinder\plugins\mcufinder
2024-02-06 15:28:53,013 [INFO] DbMcusAds:125 - Set database path to: C:\Users\Morf\.stmcufinder\plugins\mcufinder//mcu/
2024-02-06 15:28:53,013 [WARN] DbFile:41 - Overriding database path with different value: C:\Users\Morf\.stmcufinder\plugins\mcufinder/ => C:\Users\Morf\.stmcufinder\plugins\mcufinder
2024-02-06 15:28:53,013 [WARN] DbFile:41 - Overriding database path with different value: C:\Users\Morf\.stmcufinder\plugins\mcufinder/ => C:\Users\Morf\.stmcufinder\plugins\mcufinder
2024-02-06 15:28:53,013 [INFO] CrossReferenceDbSqlite:203 - Set database path to: C:\Users\Morf\.stmcufinder\plugins\mcufinder//mcu/cs/
2024-02-06 15:28:53,066 [INFO] ApplicationProperties:184 - Using Application install path: C:\ST\STM32CubeIDE_1.14.1\STM32CubeIDE\plugins\com.st.stm32cube.common.mx_6.10.0.202311202037
2024-02-06 15:28:53,068 [INFO] PluginManage:196 - Search for loadable plugins [exclusion list=, ]
2024-02-06 15:28:53,074 [INFO] PluginManage:310 - Check plugin analytics
2024-02-06 15:28:53,516 [INFO] AnalyticsPlugin:253 - Accepted Software Licenses: 
2024-02-06 15:28:53,518 [INFO] AnalyticsPlugin:255 - Accepted CMSIS Pack Licenses: 
2024-02-06 15:28:53,518 [INFO] AnalyticsPlugin:257 - Accepted Firmware Licenses: 
2024-02-06 15:28:53,526 [INFO] PluginManage:359 - Loaded plugin analytics (category:tool,tabindex:-1)
2024-02-06 15:28:53,526 [INFO] PluginManage:310 - Check plugin cadmodel
2024-02-06 15:28:53,538 [INFO] CADModel:105 - Init CAD model plugin
2024-02-06 15:28:53,539 [INFO] PluginManage:359 - Loaded plugin cadmodel (category:power,tabindex:5)
2024-02-06 15:28:53,540 [INFO] PluginManage:310 - Check plugin clock
2024-02-06 15:28:53,568 [INFO] PluginManage:359 - Loaded plugin clock (category:base,tabindex:2)
2024-02-06 15:28:53,568 [INFO] PluginManage:310 - Check plugin ddr
2024-02-06 15:28:53,574 [INFO] PluginManage:359 - Loaded plugin ddr (category:tool,tabindex:6)
2024-02-06 15:28:53,575 [INFO] PluginManage:310 - Check plugin filemanager
2024-02-06 15:28:53,866 [INFO] PluginManage:359 - Loaded plugin filemanager (category:base,tabindex:10)
2024-02-06 15:28:53,867 [INFO] PluginManage:310 - Check plugin ipmanager
2024-02-06 15:28:53,883 [INFO] PluginManage:359 - Loaded plugin ipmanager (category:base,tabindex:5)
2024-02-06 15:28:53,883 [INFO] PluginManage:310 - Check plugin lpbam
2024-02-06 15:28:53,906 [INFO] PluginManage:359 - Loaded plugin lpbam (category:base,tabindex:0)
2024-02-06 15:28:53,906 [INFO] PluginManage:310 - Check plugin memorymap
2024-02-06 15:28:53,951 [INFO] PluginManage:359 - Loaded plugin memorymap (category:base,tabindex:4)
2024-02-06 15:28:53,952 [INFO] PluginManage:310 - Check plugin pinoutandconfiguration
2024-02-06 15:28:53,974 [INFO] PluginManage:359 - Loaded plugin pinoutandconfiguration (category:base,tabindex:1)
2024-02-06 15:28:53,974 [INFO] PluginManage:310 - Check plugin pinoutconfig
2024-02-06 15:28:54,169 [WARN] SupportedApi:132 - Cannot load RTOS API schema: s4s-elt-must-match.1: The content of 'definitions' must match (annotation?, (simpleType | complexType)?, (unique | key | keyref)*)). A problem was found starting at: attribute.
2024-02-06 15:28:54,535 [INFO] PluginManage:359 - Loaded plugin pinoutconfig (category:base,tabindex:0)
2024-02-06 15:28:54,535 [INFO] PluginManage:310 - Check plugin power
2024-02-06 15:28:54,558 [INFO] PluginManage:359 - Loaded plugin power (category:power,tabindex:4)
2024-02-06 15:28:54,559 [INFO] PluginManage:310 - Check plugin projectmanager
2024-02-06 15:28:54,595 [INFO] PluginManage:359 - Loaded plugin projectmanager (category:projectmanager,tabindex:3)
2024-02-06 15:28:54,595 [INFO] PluginManage:310 - Check plugin thirdparty
2024-02-06 15:28:54,861 [WARN] IntegrityCheckThread:84 - waiting for thirdparty lock release [integrity check]
2024-02-06 15:28:54,862 [INFO] IntegrityCheckThread:86 - entering critical section [integrity check]
2024-02-06 15:28:54,862 [INFO] PluginManage:359 - Loaded plugin thirdparty (category:base,tabindex:-1)
2024-02-06 15:28:54,863 [INFO] PluginManage:310 - Check plugin tools
2024-02-06 15:28:54,863 [INFO] ThirdPartyUpdaterWithRetryManager:70 - Updater plugin not ready yet. [1/15]
2024-02-06 15:28:54,869 [INFO] PluginManage:359 - Loaded plugin tools (category:base,tabindex:7)
2024-02-06 15:28:54,870 [INFO] PluginManage:310 - Check plugin tutovideos
2024-02-06 15:28:55,307 [INFO] PluginManage:359 - Loaded plugin tutovideos (category:base,tabindex:-1)
2024-02-06 15:28:55,307 [INFO] PluginManage:310 - Check plugin updater
2024-02-06 15:28:55,330 [INFO] PluginManage:359 - Loaded plugin updater (category:base,tabindex:12)
2024-02-06 15:28:55,330 [INFO] PluginManage:310 - Check plugin userauth
2024-02-06 15:28:55,341 [INFO] UserAuth:114 - Init User Auth plugin
2024-02-06 15:28:55,341 [INFO] PluginManage:359 - Loaded plugin userauth (category:base,tabindex:14)
2024-02-06 15:28:55,342 [INFO] PluginManage:283 - PluginManage : Loaded plugins [17]
2024-02-06 15:28:55,640 [INFO] PinOutPanel:1499 - setPackage(No Configuration,No Configuration)
2024-02-06 15:28:55,751 [INFO] CADModel:165 - CPN selected for project level
2024-02-06 15:28:55,751 [INFO] CADModel:114 - Register for checkConnection events
2024-02-06 15:28:55,777 [INFO] IPUIPlugin:80 - create IPUIPlugin
2024-02-06 15:28:55,778 [INFO] PluginManager:220 - loadIPPluginJar : add adc
2024-02-06 15:28:55,782 [INFO] IPUIPlugin:80 - create IPUIPlugin
2024-02-06 15:28:55,783 [INFO] PluginManager:220 - loadIPPluginJar : add aes
2024-02-06 15:28:55,787 [INFO] IPUIPlugin:80 - create IPUIPlugin
2024-02-06 15:28:55,787 [INFO] PluginManager:220 - loadIPPluginJar : add can
2024-02-06 15:28:55,789 [INFO] IPUIPlugin:80 - create IPUIPlugin
2024-02-06 15:28:55,790 [INFO] PluginManager:220 - loadIPPluginJar : add comp
2024-02-06 15:28:55,793 [INFO] IPUIPlugin:80 - create IPUIPlugin
2024-02-06 15:28:55,795 [INFO] PluginManager:220 - loadIPPluginJar : add cryp
2024-02-06 15:28:55,798 [INFO] IPUIPlugin:80 - create IPUIPlugin
2024-02-06 15:28:55,799 [INFO] PluginManager:220 - loadIPPluginJar : add dfsdm
2024-02-06 15:28:55,806 [INFO] IPUIPlugin:80 - create IPUIPlugin
2024-02-06 15:28:55,806 [INFO] PluginManager:220 - loadIPPluginJar : add dma
2024-02-06 15:28:55,808 [INFO] IPUIPlugin:80 - create IPUIPlugin
2024-02-06 15:28:55,810 [INFO] PluginManager:220 - loadIPPluginJar : add dma3
2024-02-06 15:28:55,812 [INFO] IPUIPlugin:80 - create IPUIPlugin
2024-02-06 15:28:55,812 [INFO] PluginManager:220 - loadIPPluginJar : add fatfs
2024-02-06 15:28:55,818 [INFO] IPUIPlugin:80 - create IPUIPlugin
2024-02-06 15:28:55,818 [INFO] PluginManager:220 - loadIPPluginJar : add fmc
2024-02-06 15:28:55,824 [INFO] IPUIPlugin:80 - create IPUIPlugin
2024-02-06 15:28:55,824 [INFO] PluginManager:220 - loadIPPluginJar : add freertos
2024-02-06 15:28:55,825 [INFO] IPUIPlugin:80 - create IPUIPlugin
2024-02-06 15:28:55,827 [INFO] PluginManager:220 - loadIPPluginJar : add genericplugin
2024-02-06 15:28:55,830 [INFO] IPUIPlugin:80 - create IPUIPlugin
2024-02-06 15:28:55,830 [INFO] PluginManager:220 - loadIPPluginJar : add gfxmmu
2024-02-06 15:28:55,837 [INFO] IPUIPlugin:80 - create IPUIPlugin
2024-02-06 15:28:55,838 [INFO] PluginManager:220 - loadIPPluginJar : add gic
2024-02-06 15:28:55,842 [INFO] IPUIPlugin:80 - create IPUIPlugin
2024-02-06 15:28:55,843 [INFO] PluginManager:220 - loadIPPluginJar : add gpio
2024-02-06 15:28:55,847 [INFO] IPUIPlugin:80 - create IPUIPlugin
2024-02-06 15:28:55,847 [INFO] PluginManager:220 - loadIPPluginJar : add gtzc
2024-02-06 15:28:55,851 [INFO] IPUIPlugin:80 - create IPUIPlugin
2024-02-06 15:28:55,851 [INFO] PluginManager:220 - loadIPPluginJar : add hash
2024-02-06 15:28:55,854 [INFO] IPUIPlugin:80 - create IPUIPlugin
2024-02-06 15:28:55,854 [INFO] PluginManager:220 - loadIPPluginJar : add i2c
2024-02-06 15:28:55,858 [INFO] IPUIPlugin:80 - create IPUIPlugin
2024-02-06 15:28:55,858 [INFO] PluginManager:220 - loadIPPluginJar : add i2s
2024-02-06 15:28:55,864 [INFO] IPUIPlugin:80 - create IPUIPlugin
2024-02-06 15:28:55,864 [INFO] PluginManager:220 - loadIPPluginJar : add i3c
2024-02-06 15:28:55,870 [INFO] IPUIPlugin:80 - create IPUIPlugin
2024-02-06 15:28:55,870 [INFO] PluginManager:220 - loadIPPluginJar : add ipddr
2024-02-06 15:28:55,879 [INFO] IPUIPlugin:80 - create IPUIPlugin
2024-02-06 15:28:55,879 [INFO] PluginManager:220 - loadIPPluginJar : add linkedlist
2024-02-06 15:28:55,884 [INFO] IPUIPlugin:80 - create IPUIPlugin
2024-02-06 15:28:55,884 [INFO] PluginManager:220 - loadIPPluginJar : add lorawan
2024-02-06 15:28:55,887 [INFO] IPUIPlugin:80 - create IPUIPlugin
2024-02-06 15:28:55,887 [INFO] PluginManager:220 - loadIPPluginJar : add ltdc
2024-02-06 15:28:55,902 [INFO] IPUIPlugin:80 - create IPUIPlugin
2024-02-06 15:28:55,903 [INFO] PluginManager:220 - loadIPPluginJar : add mdma
2024-02-06 15:28:55,912 [INFO] IPUIPlugin:80 - create IPUIPlugin
2024-02-06 15:28:55,913 [INFO] PluginManager:220 - loadIPPluginJar : add nvic
2024-02-06 15:28:55,919 [INFO] IPUIPlugin:80 - create IPUIPlugin
2024-02-06 15:28:55,919 [INFO] PluginManager:220 - loadIPPluginJar : add opamp
2024-02-06 15:28:55,928 [INFO] IPUIPlugin:80 - create IPUIPlugin
2024-02-06 15:28:55,929 [INFO] PluginManager:220 - loadIPPluginJar : add openamp
2024-02-06 15:28:55,935 [INFO] IPUIPlugin:80 - create IPUIPlugin
2024-02-06 15:28:55,937 [INFO] PluginManager:220 - loadIPPluginJar : add pdm2pcm
2024-02-06 15:28:55,956 [INFO] IPUIPlugin:80 - create IPUIPlugin
2024-02-06 15:28:55,963 [INFO] PluginManager:220 - loadIPPluginJar : add plateformsettings
2024-02-06 15:28:55,967 [INFO] IPUIPlugin:80 - create IPUIPlugin
2024-02-06 15:28:55,967 [INFO] PluginManager:220 - loadIPPluginJar : add quadspi
2024-02-06 15:28:55,980 [INFO] IPUIPlugin:80 - create IPUIPlugin
2024-02-06 15:28:55,980 [INFO] PluginManager:220 - loadIPPluginJar : add resmgrutility
2024-02-06 15:28:55,987 [INFO] IPUIPlugin:80 - create IPUIPlugin
2024-02-06 15:28:55,989 [INFO] PluginManager:220 - loadIPPluginJar : add sai
2024-02-06 15:28:55,995 [INFO] IPUIPlugin:80 - create IPUIPlugin
2024-02-06 15:28:55,996 [INFO] PluginManager:220 - loadIPPluginJar : add spi
2024-02-06 15:28:56,010 [INFO] IPUIPlugin:80 - create IPUIPlugin
2024-02-06 15:28:56,014 [INFO] PluginManager:220 - loadIPPluginJar : add stm32_wpan
2024-02-06 15:28:56,021 [INFO] IPUIPlugin:80 - create IPUIPlugin
2024-02-06 15:28:56,021 [INFO] PluginManager:220 - loadIPPluginJar : add tim
2024-02-06 15:28:56,041 [INFO] IPUIPlugin:80 - create IPUIPlugin
2024-02-06 15:28:56,042 [INFO] PluginManager:220 - loadIPPluginJar : add touchsensing
2024-02-06 15:28:56,059 [INFO] IPUIPlugin:80 - create IPUIPlugin
2024-02-06 15:28:56,060 [INFO] PluginManager:220 - loadIPPluginJar : add tracer_emb
2024-02-06 15:28:56,072 [INFO] IPUIPlugin:80 - create IPUIPlugin
2024-02-06 15:28:56,072 [INFO] PluginManager:220 - loadIPPluginJar : add ts
2024-02-06 15:28:56,077 [INFO] IPUIPlugin:80 - create IPUIPlugin
2024-02-06 15:28:56,077 [INFO] PluginManager:220 - loadIPPluginJar : add tsc
2024-02-06 15:28:56,082 [INFO] IPUIPlugin:80 - create IPUIPlugin
2024-02-06 15:28:56,082 [INFO] PluginManager:220 - loadIPPluginJar : add ucpd
2024-02-06 15:28:56,088 [INFO] IPUIPlugin:80 - create IPUIPlugin
2024-02-06 15:28:56,088 [INFO] PluginManager:220 - loadIPPluginJar : add usart
2024-02-06 15:28:56,098 [INFO] IPUIPlugin:80 - create IPUIPlugin
2024-02-06 15:28:56,099 [INFO] PluginManager:220 - loadIPPluginJar : add usbx
2024-02-06 15:28:56,314 [INFO] CADModel:165 - CPN selected for project level
2024-02-06 15:28:56,314 [INFO] CADModel:114 - Register for checkConnection events
2024-02-06 15:28:56,314 [FATAL] Updater:308 - Updater called before beeing initialized
2024-02-06 15:28:56,314 [ERROR] CADModel:125 - Updater not yet initialized, retry later 
2024-02-06 15:28:56,558 [INFO] CADModel:165 - CPN selected for project level
2024-02-06 15:28:56,559 [INFO] CADModel:114 - Register for checkConnection events
2024-02-06 15:28:56,559 [FATAL] Updater:308 - Updater called before beeing initialized
2024-02-06 15:28:56,559 [ERROR] CADModel:125 - Updater not yet initialized, retry later 
2024-02-06 15:28:56,565 [FATAL] Updater:308 - Updater called before beeing initialized
2024-02-06 15:28:56,754 [FATAL] Updater:308 - Updater called before beeing initialized
2024-02-06 15:28:56,763 [INFO] DbMcusAds:53 - JSON generation date=Wed Nov 29 14:52:27 GMT+04:00 2023 (1701255147200)
2024-02-06 15:28:56,763 [FATAL] Updater:308 - Updater called before beeing initialized
2024-02-06 15:28:56,831 [WARN] DetailPanel:346 - Failed to get advertising image, set to default
2024-02-06 15:28:56,930 [FATAL] Updater:308 - Updater called before beeing initialized
2024-02-06 15:28:56,932 [FATAL] Updater:308 - Updater called before beeing initialized
2024-02-06 15:28:56,932 [FATAL] Updater:308 - Updater called before beeing initialized
2024-02-06 15:28:56,933 [WARN] DetailPanel:346 - Failed to get advertising image, set to default
2024-02-06 15:28:56,933 [FATAL] Updater:308 - Updater called before beeing initialized
2024-02-06 15:28:56,985 [ERROR] Updater:1120 - MainUpdater not yet initialized. External WinMGr cannot be set.
2024-02-06 15:28:56,987 [INFO] Updater:1056 - Updater Version found : 6.10.0
2024-02-06 15:28:57,020 [INFO] ApplicationProperties:184 - Using Application install path: C:\ST\STM32CubeIDE_1.14.1\STM32CubeIDE\plugins\com.st.stm32cube.common.mx_6.10.0.202311202037
2024-02-06 15:28:57,529 [INFO] MainUpdater:2873 - connection check result : 10
2024-02-06 15:28:57,530 [INFO] MainUpdater:290 - Updater Check For Update Now.
2024-02-06 15:28:57,531 [INFO] MicroXplorer:498 - Change Database Version : DB.6.0.100
2024-02-06 15:28:57,545 [INFO] McuFinderGlobals:63 - Set McuFinder mode to 2 (CubeIDE integrated)
2024-02-06 15:28:57,545 [INFO] UserAuth:180 - activating auth plugin
2024-02-06 15:28:57,554 [INFO] UserAuth:404 - Internet connection configuration mode: 1
2024-02-06 15:28:57,603 [INFO] JxBrowserEngine:152 - Initiate JxBrowser Engine with user profile folder
2024-02-06 15:28:57,750 [INFO] CheckServerUpdateThread:120 - End of CheckServer Thread
2024-02-06 15:28:58,170 [WARN] PackLoader:240 - Cannot read IP mode file for STMicroelectronics.X-CUBE-SMBUS.2.1.0
2024-02-06 15:28:58,188 [WARN] PackLoader:240 - Cannot read IP mode file for STMicroelectronics.X-CUBE-TOUCHGFX.4.23.0
2024-02-06 15:28:58,308 [WARN] PackLoader:240 - Cannot read IP mode file for STMicroelectronics.X-CUBE-MEMS1.9.2.0
2024-02-06 15:28:58,520 [WARN] PackLoader:240 - Cannot read IP mode file for STMicroelectronics.X-CUBE-AZRTOS-F7.1.1.0
2024-02-06 15:28:58,542 [WARN] PackLoader:240 - Cannot read IP mode file for STMicroelectronics.X-CUBE-TOUCHGFX.4.19.1
2024-02-06 15:28:58,555 [ERROR] RealEvaluatedCondition:428 - Found unsupported composite condition: CLASS='Data Exchange' GROUP='STM32_MetaDataManager'
2024-02-06 15:28:58,555 [ERROR] RealEvaluatedCondition:428 - Found unsupported composite condition: CLASS='Data Exchange' GROUP='STM32_MetaDataManager'
2024-02-06 15:28:58,563 [WARN] PackLoader:240 - Cannot read IP mode file for STMicroelectronics.FP-SNS-MOTENV1.4.3.0
2024-02-06 15:28:58,568 [WARN] PackLoader:240 - Cannot read IP mode file for STMicroelectronics.FP-SNS-MOTENV1.4.3.2
2024-02-06 15:28:58,574 [WARN] PackLoader:240 - Cannot read IP mode file for STMicroelectronics.FP-SNS-FLIGHT1.5.0.0
2024-02-06 15:28:58,579 [ERROR] RealEvaluatedCondition:428 - Found unsupported composite condition: CLASS='Data Exchange' GROUP='STM32_MetaDataManager'
2024-02-06 15:28:58,579 [ERROR] RealEvaluatedCondition:428 - Found unsupported composite condition: CLASS='Data Exchange' GROUP='STM32_MetaDataManager'
2024-02-06 15:28:58,581 [WARN] PackLoader:240 - Cannot read IP mode file for STMicroelectronics.FP-SNS-MOTENV1.4.3.1
2024-02-06 15:28:58,587 [WARN] PackLoader:240 - Cannot read IP mode file for STMicroelectronics.FP-SNS-FLIGHT1.5.0.1
2024-02-06 15:28:58,596 [WARN] PackLoader:240 - Cannot read IP mode file for STMicroelectronics.X-CUBE-BLE1.6.2.4
2024-02-06 15:28:58,603 [WARN] PackLoader:240 - Cannot read IP mode file for STMicroelectronics.FP-SNS-FLIGHT1.5.0.2
2024-02-06 15:28:58,617 [WARN] PackLoader:240 - Cannot read IP mode file for STMicroelectronics.X-CUBE-TOF1.3.1.0
2024-02-06 15:28:58,632 [WARN] PackLoader:240 - Cannot read IP mode file for STMicroelectronics.X-CUBE-DISPLAY.3.0.0
2024-02-06 15:28:58,642 [WARN] PackLoader:240 - Cannot read IP mode file for STMicroelectronics.X-CUBE-BLE1.7.0.0
2024-02-06 15:28:58,649 [WARN] PackLoader:240 - Cannot read IP mode file for STMicroelectronics.X-CUBE-TOUCHGFX.4.22.0
2024-02-06 15:28:58,654 [WARN] PackLoader:240 - Cannot read IP mode file for STMicroelectronics.X-CUBE-TOUCHGFX.4.22.1
2024-02-06 15:28:58,699 [WARN] PackLoader:240 - Cannot read IP mode file for STMicroelectronics.X-CUBE-MEMS1.9.3.0
2024-02-06 15:28:58,823 [WARN] PackLoader:240 - Cannot read IP mode file for STMicroelectronics.X-CUBE-AI.7.2.0
2024-02-06 15:28:58,829 [WARN] PackLoader:240 - Cannot read IP mode file for STMicroelectronics.FP-SNS-SMARTAG2.1.2.0
2024-02-06 15:28:58,829 [INFO] WebApp:161 - Instantiating new browser for Auth
2024-02-06 15:28:58,840 [INFO] LogOutputStream:77 - [STDOUT_REDIRECT] 1 : Invalid condition id : UX_CORESTACK_Condition cause : null
2024-02-06 15:28:58,841 [INFO] LogOutputStream:77 - [STDOUT_REDIRECT] 1 : Invalid condition id : UX_CORESTACK_Condition cause : null
2024-02-06 15:28:58,843 [INFO] LogOutputStream:77 - [STDOUT_REDIRECT] 1 : Invalid condition id : UX_CORESTACK_Condition cause : null
2024-02-06 15:28:58,846 [INFO] LogOutputStream:77 - [STDOUT_REDIRECT] 1 : Invalid condition id : UX_CORESTACK_Condition cause : null
2024-02-06 15:28:58,848 [INFO] LogOutputStream:77 - [STDOUT_REDIRECT] 1 : Invalid condition id : UX_CORESTACK_Condition cause : null
2024-02-06 15:28:58,852 [WARN] PackLoader:240 - Cannot read IP mode file for STMicroelectronics.X-CUBE-AZRTOS-WL.2.0.0
2024-02-06 15:28:58,870 [WARN] PackLoader:240 - Cannot read IP mode file for WES.I-CUBE-Cesium.1.3.0
2024-02-06 15:28:58,882 [WARN] PackLoader:240 - Cannot read IP mode file for STMicroelectronics.X-CUBE-BLE2.3.3.0
2024-02-06 15:28:58,899 [WARN] PackLoader:240 - Cannot read IP mode file for STMicroelectronics.X-CUBE-TOF1.3.2.0
2024-02-06 15:28:58,917 [WARN] PackLoader:240 - Cannot read IP mode file for STMicroelectronics.X-CUBE-ISPU.1.0.0
2024-02-06 15:28:58,925 [WARN] PackLoader:240 - Cannot read IP mode file for STMicroelectronics.X-CUBE-TOUCHGFX.4.21.1
2024-02-06 15:28:58,933 [WARN] PackLoader:240 - Cannot read IP mode file for STMicroelectronics.X-CUBE-TOUCHGFX.4.21.0
2024-02-06 15:28:58,959 [WARN] PackLoader:240 - Cannot read IP mode file for STMicroelectronics.X-CUBE-TOUCHGFX.4.21.3
2024-02-06 15:28:58,979 [WARN] PackLoader:240 - Cannot read IP mode file for STMicroelectronics.X-CUBE-TOUCHGFX.4.21.4
2024-02-06 15:28:59,032 [WARN] PackLoader:240 - Cannot read IP mode file for STMicroelectronics.X-CUBE-MEMS1.9.4.0
2024-02-06 15:28:59,191 [WARN] PackLoader:240 - Cannot read IP mode file for STMicroelectronics.X-CUBE-AI.7.3.0
2024-02-06 15:28:59,213 [WARN] PackLoader:240 - Cannot read IP mode file for STMicroelectronics.X-CUBE-AZRTOS-G0.1.1.0
2024-02-06 15:28:59,221 [WARN] PackLoader:240 - Cannot read IP mode file for STMicroelectronics.X-CUBE-NFC4.3.0.0
2024-02-06 15:28:59,232 [WARN] PackLoader:240 - Cannot read IP mode file for STMicroelectronics.X-CUBE-BLEMGR.3.0.0
2024-02-06 15:28:59,241 [WARN] PackLoader:240 - Cannot read IP mode file for STMicroelectronics.X-CUBE-BLEMGR.1.3.0
2024-02-06 15:28:59,250 [WARN] PackLoader:240 - Cannot read IP mode file for STMicroelectronics.FP-ATR-SIGFOX1.3.2.0
2024-02-06 15:28:59,259 [WARN] PackLoader:240 - Cannot read IP mode file for STMicroelectronics.X-CUBE-EEPRMA1.5.1.0
2024-02-06 15:28:59,272 [WARN] PackLoader:240 - Cannot read IP mode file for emotas.I-CUBE-CANOPEN.1.1.2
2024-02-06 15:28:59,278 [WARN] PackLoader:240 - Cannot read IP mode file for STMicroelectronics.X-CUBE-TOUCHGFX.4.20.0
2024-02-06 15:28:59,333 [WARN] PackLoader:240 - Cannot read IP mode file for STMicroelectronics.X-CUBE-MEMS1.9.5.0
2024-02-06 15:28:59,595 [WARN] PackLoader:240 - Cannot read IP mode file for SEGGER.I-CUBE-embOS.1.3.1
2024-02-06 15:28:59,654 [WARN] PackLoader:240 - Cannot read IP mode file for STMicroelectronics.X-CUBE-GNSS1.6.0.0
2024-02-06 15:28:59,673 [WARN] PackLoader:240 - Cannot read IP mode file for STMicroelectronics.X-CUBE-AZRTOS-F4.1.1.0
2024-02-06 15:28:59,683 [WARN] PackLoader:240 - Cannot read IP mode file for STMicroelectronics.X-CUBE-BLEMGR.1.2.0
2024-02-06 15:28:59,703 [WARN] PackLoader:240 - Cannot read IP mode file for STMicroelectronics.X-CUBE-AZRTOS-L5.2.0.0
2024-02-06 15:28:59,749 [WARN] PackLoader:240 - Cannot read IP mode file for STMicroelectronics.X-CUBE-MEMS1.9.6.0
2024-02-06 15:28:59,897 [WARN] PackLoader:240 - Cannot read IP mode file for STMicroelectronics.X-CUBE-EEPRMA1.4.2.0
2024-02-06 15:28:59,904 [WARN] PackLoader:240 - Cannot read IP mode file for ITTIA_DB.I-CUBE-ITTIADB.8.8.0
2024-02-06 15:28:59,910 [WARN] PackLoader:240 - Cannot read IP mode file for STMicroelectronics.X-CUBE-BLEMGR.2.0.0
2024-02-06 15:28:59,919 [WARN] PackLoader:240 - Cannot read IP mode file for STMicroelectronics.X-CUBE-NFC4.2.0.5
2024-02-06 15:28:59,926 [WARN] PackLoader:240 - Cannot read IP mode file for STMicroelectronics.X-CUBE-TOUCHGFX.4.15.0
2024-02-06 15:29:00,107 [WARN] ConditionMgr:438 - getConditionDescription Invalid condition id : UX DEVICE CLASS RTOS Condition cause : null
2024-02-06 15:29:00,107 [WARN] ConditionMgr:438 - getConditionDescription Invalid condition id : UX DEVICE CLASS RTOS Condition cause : null
2024-02-06 15:29:00,111 [WARN] PackLoader:240 - Cannot read IP mode file for STMicroelectronics.X-CUBE-AZRTOS-H7.3.1.0
2024-02-06 15:29:00,113 [WARN] ConditionMgr:1039 - genDependencies : Invalid condition id : UX DEVICE CLASS RTOS Condition cause : null
2024-02-06 15:29:00,113 [WARN] ConditionMgr:1039 - genDependencies : Invalid condition id : UX DEVICE CLASS RTOS Condition cause : null
2024-02-06 15:29:00,115 [WARN] ConditionMgr:1039 - genDependencies : Invalid condition id : UX DEVICE CLASS RTOS Condition cause : null
2024-02-06 15:29:00,116 [WARN] ConditionMgr:1039 - genDependencies : Invalid condition id : UX DEVICE CLASS RTOS Condition cause : null
2024-02-06 15:29:00,117 [WARN] ConditionMgr:1039 - genDependencies : Invalid condition id : UX DEVICE CLASS RTOS Condition cause : null
2024-02-06 15:29:00,125 [WARN] PackLoader:240 - Cannot read IP mode file for STMicroelectronics.X-CUBE-NFC7.1.0.1
2024-02-06 15:29:00,136 [WARN] PackLoader:240 - Cannot read IP mode file for STMicroelectronics.X-CUBE-NFC6.3.0.0
2024-02-06 15:29:00,143 [WARN] PackLoader:240 - Cannot read IP mode file for STMicroelectronics.X-CUBE-EEPRMA1.4.1.0
2024-02-06 15:29:00,149 [WARN] PackLoader:240 - Cannot read IP mode file for STMicroelectronics.X-CUBE-AI.8.1.0
2024-02-06 15:29:00,169 [WARN] ConditionMgr:438 - getConditionDescription Invalid condition id : LAN8742 Phy interface Condition cause : null
2024-02-06 15:29:00,170 [WARN] PackLoader:240 - Cannot read IP mode file for STMicroelectronics.X-CUBE-AZRTOS-L4.2.0.0
2024-02-06 15:29:00,171 [WARN] ConditionMgr:1039 - genDependencies : Invalid condition id : LAN8742 Phy interface Condition cause : null
2024-02-06 15:29:00,171 [WARN] ConditionMgr:1039 - genDependencies : Invalid condition id : LAN8742 Phy interface Condition cause : null
2024-02-06 15:29:00,172 [WARN] ConditionMgr:1039 - genDependencies : Invalid condition id : LAN8742 Phy interface Condition cause : null
2024-02-06 15:29:00,181 [WARN] PackLoader:240 - Cannot read IP mode file for STMicroelectronics.X-CUBE-SFXS2LP1.4.0.0
2024-02-06 15:29:00,202 [WARN] PackLoader:240 - Cannot read IP mode file for STMicroelectronics.X-CUBE-AZRTOS-H7.3.0.0
2024-02-06 15:29:00,209 [WARN] PackLoader:240 - Cannot read IP mode file for STMicroelectronics.X-CUBE-ISPU.1.1.0
2024-02-06 15:29:00,215 [WARN] PackLoader:240 - Cannot read IP mode file for STMicroelectronics.X-CUBE-AI.8.0.0
2024-02-06 15:29:00,226 [WARN] ConditionMgr:438 - getConditionDescription Invalid condition id : UX DEVICE CLASS RTOS Condition cause : null
2024-02-06 15:29:00,227 [WARN] ConditionMgr:438 - getConditionDescription Invalid condition id : UX DEVICE CLASS RTOS Condition cause : null
2024-02-06 15:29:00,229 [WARN] PackLoader:240 - Cannot read IP mode file for STMicroelectronics.X-CUBE-AZRTOS-WB.2.0.0
2024-02-06 15:29:00,230 [WARN] ConditionMgr:1039 - genDependencies : Invalid condition id : UX DEVICE CLASS RTOS Condition cause : null
2024-02-06 15:29:00,230 [WARN] ConditionMgr:1039 - genDependencies : Invalid condition id : UX DEVICE CLASS RTOS Condition cause : null
2024-02-06 15:29:00,232 [WARN] ConditionMgr:1039 - genDependencies : Invalid condition id : UX DEVICE CLASS RTOS Condition cause : null
2024-02-06 15:29:00,232 [WARN] ConditionMgr:1039 - genDependencies : Invalid condition id : UX DEVICE CLASS RTOS Condition cause : null
2024-02-06 15:29:00,232 [WARN] ConditionMgr:1039 - genDependencies : Invalid condition id : UX DEVICE CLASS RTOS Condition cause : null
2024-02-06 15:29:00,240 [WARN] PackLoader:240 - Cannot read IP mode file for STMicroelectronics.X-CUBE-FREERTOS.1.0.0
2024-02-06 15:29:00,245 [WARN] PackLoader:240 - Cannot read IP mode file for STMicroelectronics.X-CUBE-FREERTOS.1.0.1
2024-02-06 15:29:00,254 [WARN] PackLoader:240 - Cannot read IP mode file for STMicroelectronics.X-CUBE-BLEMGR.1.0.0
2024-02-06 15:29:00,268 [WARN] PackLoader:240 - Cannot read IP mode file for STMicroelectronics.X-CUBE-AZRTOS-L5.1.1.0
2024-02-06 15:29:00,274 [WARN] PackLoader:240 - Cannot read IP mode file for STMicroelectronics.X-CUBE-AI.8.0.1
2024-02-06 15:29:00,284 [WARN] PackLoader:240 - Cannot read IP mode file for STMicroelectronics.X-CUBE-TOF1.3.3.1
2024-02-06 15:29:00,306 [WARN] PackLoader:240 - Cannot read IP mode file for STMicroelectronics.X-CUBE-AZRTOS-G4.2.0.0
2024-02-06 15:29:00,318 [WARN] PackLoader:240 - Cannot read IP mode file for STMicroelectronics.X-CUBE-TOF1.3.3.0
2024-02-06 15:29:00,329 [WARN] PackLoader:240 - Cannot read IP mode file for STMicroelectronics.FP-ATR-ASTRA1.1.1.1
2024-02-06 15:29:00,346 [WARN] PackLoader:240 - Cannot read IP mode file for Infineon.AIROC-Wi-Fi-Bluetooth-STM32.1.5.1
2024-02-06 15:29:00,356 [WARN] PackLoader:240 - Cannot read IP mode file for STMicroelectronics.FP-ATR-ASTRA1.1.1.0
2024-02-06 15:29:00,362 [WARN] PackLoader:240 - Cannot read IP mode file for STMicroelectronics.FP-SNS-MOTENVWB1.1.3.0
2024-02-06 15:29:00,369 [WARN] PackLoader:240 - Cannot read IP mode file for STMicroelectronics.FP-SNS-MOTENVWB1.1.3.1
2024-02-06 15:29:00,374 [WARN] PackLoader:240 - Cannot read IP mode file for STMicroelectronics.X-CUBE-ISPU.2.0.0
2024-02-06 15:29:00,414 [WARN] PackLoader:240 - Cannot read IP mode file for STMicroelectronics.X-CUBE-MEMS1.10.0.0
2024-02-06 15:29:00,432 [INFO] WebApp:780 - Register for checkConnection events
2024-02-06 15:29:00,432 [INFO] WebApp:414 - Apply proxy settings
2024-02-06 15:29:00,433 [INFO] WebApp:499 - Chromium requires no authentication
2024-02-06 15:29:00,468 [INFO] WebApp:442 - Direct internet connection detected
2024-02-06 15:29:00,542 [WARN] PackLoader:240 - Cannot read IP mode file for STMicroelectronics.X-CUBE-FREERTOS.1.1.0
2024-02-06 15:29:00,570 [WARN] PackLoader:240 - Cannot read IP mode file for STMicroelectronics.X-CUBE-AZRTOS-WB.1.1.0
2024-02-06 15:29:00,577 [WARN] PackLoader:240 - Cannot read IP mode file for STMicroelectronics.FP-ATR-ASTRA1.2.0.0
2024-02-06 15:29:00,587 [WARN] PackLoader:240 - Cannot read IP mode file for STMicroelectronics.X-CUBE-TOF1.3.4.0
2024-02-06 15:29:00,616 [WARN] PackLoader:240 - Cannot read IP mode file for STMicroelectronics.X-CUBE-AZRTOS-H7.3.2.0
2024-02-06 15:29:00,620 [INFO] ThirdParty:978 - Integrity check success = true
2024-02-06 15:29:00,620 [INFO] IntegrityCheckThread:100 - exiting critical section [integrity check]
2024-02-06 15:29:00,620 [INFO] IntegrityCheckThread:103 - End integrity checks thread
2024-02-06 15:29:00,839 [INFO] WebApp:192 - Starting web application
2024-02-06 15:29:00,839 [INFO] WebApp:544 - Web application path used C:\ST\STM32CubeIDE_1.14.1\STM32CubeIDE\plugins\com.st.stm32cube.common.mx_6.10.0.202311202037\db\plugins\mcufinder\reactClient1\index.html
2024-02-06 15:29:21,677 [ERROR] LogOutputStream:75 - [STDERR_REDIRECT] SLF4J: Failed to load class "org.slf4j.impl.StaticLoggerBinder".
2024-02-06 15:29:21,677 [ERROR] LogOutputStream:75 - [STDERR_REDIRECT] SLF4J: Defaulting to no-operation (NOP) logger implementation
2024-02-06 15:29:21,679 [ERROR] LogOutputStream:75 - [STDERR_REDIRECT] SLF4J: See http://www.slf4j.org/codes.html#StaticLoggerBinder for further details.
2024-02-06 15:33:23,332 [ERROR] LogOutputStream:75 - [STDERR_REDIRECT] 
2024-02-06 15:33:46,455 [INFO] Activator:176 - 


2024-02-06 15:33:46,456 [INFO] Activator:177 - !SESSION log4j initialized
2024-02-06 15:33:51,558 [INFO] LogOutputStream:77 - [STDOUT_REDIRECT] 
2024-02-06 15:33:55,811 [INFO] ApplicationProperties:184 - Using Application install path: C:\ST\STM32CubeIDE_1.14.1\STM32CubeIDE\plugins\com.st.stm32cube.common.mx_6.10.0.202311202037
2024-02-06 15:33:55,837 [INFO] DbMcusXml:78 - Set database path to: C:\ST\STM32CubeIDE_1.14.1\STM32CubeIDE\plugins\com.st.stm32cube.common.mx_6.10.0.202311202037\\db\/mcu/
2024-02-06 15:33:55,837 [INFO] ApiDb:274 - Set plugin database path to: C:\ST\STM32CubeIDE_1.14.1\STM32CubeIDE\plugins\com.st.stm32cube.common.mx_6.10.0.202311202037\\db\/plugins/boardmanager/
2024-02-06 15:33:55,838 [WARN] ApiDb:259 - Overriding images path with different value:  => C:\ST\STM32CubeIDE_1.14.1\STM32CubeIDE\plugins\com.st.stm32cube.common.mx_6.10.0.202311202037\\db\/plugins/mcufinder/images/
2024-02-06 15:33:55,848 [INFO] ApiDb:250 - Set database path to: C:\Users\Morf\.stmcufinder\plugins\mcufinder//mcu/
2024-02-06 15:33:55,849 [INFO] DbMcusAds:125 - Set database path to: C:\Users\Morf\.stmcufinder\plugins\mcufinder//mcu/
2024-02-06 15:33:55,854 [INFO] CrossReferenceDbSqlite:203 - Set database path to: C:\Users\Morf\.stmcufinder\plugins\mcufinder//mcu/cs/
2024-02-06 15:33:56,072 [INFO] RulesReader:64 - Compatibility file has been processed (297 Rules)
2024-02-06 15:33:56,290 [INFO] DbMcusXml:78 - Set database path to: C:\ST\STM32CubeIDE_1.14.1\STM32CubeIDE\plugins\com.st.stm32cube.common.mx_6.10.0.202311202037\\db\/mcu/
2024-02-06 15:33:56,290 [INFO] ApiDb:274 - Set plugin database path to: C:\ST\STM32CubeIDE_1.14.1\STM32CubeIDE\plugins\com.st.stm32cube.common.mx_6.10.0.202311202037\\db\/plugins/boardmanager/
2024-02-06 15:33:56,291 [INFO] ApiDb:261 - Set plugin images path to: C:\ST\STM32CubeIDE_1.14.1\STM32CubeIDE\plugins\com.st.stm32cube.common.mx_6.10.0.202311202037\\db\/plugins/mcufinder/images/
2024-02-06 15:33:56,291 [WARN] DbFile:41 - Overriding database path with different value: C:\Users\Morf\.stmcufinder\plugins\mcufinder/ => C:\Users\Morf\.stmcufinder\plugins\mcufinder
2024-02-06 15:33:56,291 [INFO] ApiDb:250 - Set database path to: C:\Users\Morf\.stmcufinder\plugins\mcufinder//mcu/
2024-02-06 15:33:56,291 [WARN] DbFile:41 - Overriding database path with different value: C:\Users\Morf\.stmcufinder\plugins\mcufinder/ => C:\Users\Morf\.stmcufinder\plugins\mcufinder
2024-02-06 15:33:56,293 [INFO] DbMcusAds:125 - Set database path to: C:\Users\Morf\.stmcufinder\plugins\mcufinder//mcu/
2024-02-06 15:33:56,293 [WARN] DbFile:41 - Overriding database path with different value: C:\Users\Morf\.stmcufinder\plugins\mcufinder/ => C:\Users\Morf\.stmcufinder\plugins\mcufinder
2024-02-06 15:33:56,293 [WARN] DbFile:41 - Overriding database path with different value: C:\Users\Morf\.stmcufinder\plugins\mcufinder/ => C:\Users\Morf\.stmcufinder\plugins\mcufinder
2024-02-06 15:33:56,293 [INFO] CrossReferenceDbSqlite:203 - Set database path to: C:\Users\Morf\.stmcufinder\plugins\mcufinder//mcu/cs/
2024-02-06 15:33:56,430 [INFO] MainPanel:264 - HeapMemory: 292552704
2024-02-06 15:33:56,570 [INFO] DbMcusXml:78 - Set database path to: C:\ST\STM32CubeIDE_1.14.1\STM32CubeIDE\plugins\com.st.stm32cube.common.mx_6.10.0.202311202037\\db\/mcu/
2024-02-06 15:33:56,570 [INFO] ApiDb:274 - Set plugin database path to: C:\ST\STM32CubeIDE_1.14.1\STM32CubeIDE\plugins\com.st.stm32cube.common.mx_6.10.0.202311202037\\db\/plugins/boardmanager/
2024-02-06 15:33:56,570 [INFO] ApiDb:261 - Set plugin images path to: C:\ST\STM32CubeIDE_1.14.1\STM32CubeIDE\plugins\com.st.stm32cube.common.mx_6.10.0.202311202037\\db\/plugins/mcufinder/images/
2024-02-06 15:33:56,571 [WARN] DbFile:41 - Overriding database path with different value: C:\Users\Morf\.stmcufinder\plugins\mcufinder/ => C:\Users\Morf\.stmcufinder\plugins\mcufinder
2024-02-06 15:33:56,571 [INFO] ApiDb:250 - Set database path to: C:\Users\Morf\.stmcufinder\plugins\mcufinder//mcu/
2024-02-06 15:33:56,571 [WARN] DbFile:41 - Overriding database path with different value: C:\Users\Morf\.stmcufinder\plugins\mcufinder/ => C:\Users\Morf\.stmcufinder\plugins\mcufinder
2024-02-06 15:33:56,571 [INFO] DbMcusAds:125 - Set database path to: C:\Users\Morf\.stmcufinder\plugins\mcufinder//mcu/
2024-02-06 15:33:56,571 [WARN] DbFile:41 - Overriding database path with different value: C:\Users\Morf\.stmcufinder\plugins\mcufinder/ => C:\Users\Morf\.stmcufinder\plugins\mcufinder
2024-02-06 15:33:56,571 [WARN] DbFile:41 - Overriding database path with different value: C:\Users\Morf\.stmcufinder\plugins\mcufinder/ => C:\Users\Morf\.stmcufinder\plugins\mcufinder
2024-02-06 15:33:56,571 [INFO] CrossReferenceDbSqlite:203 - Set database path to: C:\Users\Morf\.stmcufinder\plugins\mcufinder//mcu/cs/
2024-02-06 15:33:56,600 [INFO] ApplicationProperties:184 - Using Application install path: C:\ST\STM32CubeIDE_1.14.1\STM32CubeIDE\plugins\com.st.stm32cube.common.mx_6.10.0.202311202037
2024-02-06 15:33:56,602 [INFO] PluginManage:196 - Search for loadable plugins [exclusion list=, ]
2024-02-06 15:33:56,606 [INFO] PluginManage:310 - Check plugin analytics
2024-02-06 15:33:56,973 [INFO] AnalyticsPlugin:253 - Accepted Software Licenses: 
2024-02-06 15:33:56,973 [INFO] AnalyticsPlugin:255 - Accepted CMSIS Pack Licenses: 
2024-02-06 15:33:56,974 [INFO] AnalyticsPlugin:257 - Accepted Firmware Licenses: 
2024-02-06 15:33:56,978 [INFO] PluginManage:359 - Loaded plugin analytics (category:tool,tabindex:-1)
2024-02-06 15:33:56,980 [INFO] PluginManage:310 - Check plugin cadmodel
2024-02-06 15:33:56,988 [INFO] CADModel:105 - Init CAD model plugin
2024-02-06 15:33:56,988 [INFO] PluginManage:359 - Loaded plugin cadmodel (category:power,tabindex:5)
2024-02-06 15:33:56,989 [INFO] PluginManage:310 - Check plugin clock
2024-02-06 15:33:57,010 [INFO] PluginManage:359 - Loaded plugin clock (category:base,tabindex:2)
2024-02-06 15:33:57,011 [INFO] PluginManage:310 - Check plugin ddr
2024-02-06 15:33:57,017 [INFO] PluginManage:359 - Loaded plugin ddr (category:tool,tabindex:6)
2024-02-06 15:33:57,017 [INFO] PluginManage:310 - Check plugin filemanager
2024-02-06 15:33:57,260 [INFO] PluginManage:359 - Loaded plugin filemanager (category:base,tabindex:10)
2024-02-06 15:33:57,261 [INFO] PluginManage:310 - Check plugin ipmanager
2024-02-06 15:33:57,273 [INFO] PluginManage:359 - Loaded plugin ipmanager (category:base,tabindex:5)
2024-02-06 15:33:57,274 [INFO] PluginManage:310 - Check plugin lpbam
2024-02-06 15:33:57,291 [INFO] PluginManage:359 - Loaded plugin lpbam (category:base,tabindex:0)
2024-02-06 15:33:57,291 [INFO] PluginManage:310 - Check plugin memorymap
2024-02-06 15:33:57,313 [INFO] PluginManage:359 - Loaded plugin memorymap (category:base,tabindex:4)
2024-02-06 15:33:57,313 [INFO] PluginManage:310 - Check plugin pinoutandconfiguration
2024-02-06 15:33:57,327 [INFO] PluginManage:359 - Loaded plugin pinoutandconfiguration (category:base,tabindex:1)
2024-02-06 15:33:57,327 [INFO] PluginManage:310 - Check plugin pinoutconfig
2024-02-06 15:33:57,484 [WARN] SupportedApi:132 - Cannot load RTOS API schema: s4s-elt-must-match.1: The content of 'definitions' must match (annotation?, (simpleType | complexType)?, (unique | key | keyref)*)). A problem was found starting at: attribute.
2024-02-06 15:33:57,757 [INFO] PluginManage:359 - Loaded plugin pinoutconfig (category:base,tabindex:0)
2024-02-06 15:33:57,757 [INFO] PluginManage:310 - Check plugin power
2024-02-06 15:33:57,771 [INFO] PluginManage:359 - Loaded plugin power (category:power,tabindex:4)
2024-02-06 15:33:57,771 [INFO] PluginManage:310 - Check plugin projectmanager
2024-02-06 15:33:57,796 [INFO] PluginManage:359 - Loaded plugin projectmanager (category:projectmanager,tabindex:3)
2024-02-06 15:33:57,796 [INFO] PluginManage:310 - Check plugin thirdparty
2024-02-06 15:33:58,072 [WARN] IntegrityCheckThread:84 - waiting for thirdparty lock release [integrity check]
2024-02-06 15:33:58,072 [INFO] PluginManage:359 - Loaded plugin thirdparty (category:base,tabindex:-1)
2024-02-06 15:33:58,072 [INFO] IntegrityCheckThread:86 - entering critical section [integrity check]
2024-02-06 15:33:58,072 [INFO] PluginManage:310 - Check plugin tools
2024-02-06 15:33:58,073 [INFO] ThirdPartyUpdaterWithRetryManager:70 - Updater plugin not ready yet. [1/15]
2024-02-06 15:33:58,077 [INFO] PluginManage:359 - Loaded plugin tools (category:base,tabindex:7)
2024-02-06 15:33:58,077 [INFO] PluginManage:310 - Check plugin tutovideos
2024-02-06 15:33:58,493 [INFO] PluginManage:359 - Loaded plugin tutovideos (category:base,tabindex:-1)
2024-02-06 15:33:58,493 [INFO] PluginManage:310 - Check plugin updater
2024-02-06 15:33:58,508 [INFO] PluginManage:359 - Loaded plugin updater (category:base,tabindex:12)
2024-02-06 15:33:58,509 [INFO] PluginManage:310 - Check plugin userauth
2024-02-06 15:33:58,516 [INFO] UserAuth:114 - Init User Auth plugin
2024-02-06 15:33:58,517 [INFO] PluginManage:359 - Loaded plugin userauth (category:base,tabindex:14)
2024-02-06 15:33:58,519 [INFO] PluginManage:283 - PluginManage : Loaded plugins [17]
2024-02-06 15:33:58,975 [INFO] PinOutPanel:1499 - setPackage(No Configuration,No Configuration)
2024-02-06 15:33:59,118 [INFO] CADModel:165 - CPN selected for project level
2024-02-06 15:33:59,119 [INFO] CADModel:114 - Register for checkConnection events
2024-02-06 15:33:59,146 [INFO] IPUIPlugin:80 - create IPUIPlugin
2024-02-06 15:33:59,146 [INFO] PluginManager:220 - loadIPPluginJar : add adc
2024-02-06 15:33:59,151 [INFO] IPUIPlugin:80 - create IPUIPlugin
2024-02-06 15:33:59,151 [INFO] PluginManager:220 - loadIPPluginJar : add aes
2024-02-06 15:33:59,156 [INFO] IPUIPlugin:80 - create IPUIPlugin
2024-02-06 15:33:59,156 [INFO] PluginManager:220 - loadIPPluginJar : add can
2024-02-06 15:33:59,160 [INFO] IPUIPlugin:80 - create IPUIPlugin
2024-02-06 15:33:59,160 [INFO] PluginManager:220 - loadIPPluginJar : add comp
2024-02-06 15:33:59,165 [INFO] IPUIPlugin:80 - create IPUIPlugin
2024-02-06 15:33:59,165 [INFO] PluginManager:220 - loadIPPluginJar : add cryp
2024-02-06 15:33:59,170 [INFO] IPUIPlugin:80 - create IPUIPlugin
2024-02-06 15:33:59,172 [INFO] PluginManager:220 - loadIPPluginJar : add dfsdm
2024-02-06 15:33:59,182 [INFO] IPUIPlugin:80 - create IPUIPlugin
2024-02-06 15:33:59,185 [INFO] PluginManager:220 - loadIPPluginJar : add dma
2024-02-06 15:33:59,192 [INFO] IPUIPlugin:80 - create IPUIPlugin
2024-02-06 15:33:59,192 [INFO] PluginManager:220 - loadIPPluginJar : add dma3
2024-02-06 15:33:59,194 [INFO] IPUIPlugin:80 - create IPUIPlugin
2024-02-06 15:33:59,195 [INFO] PluginManager:220 - loadIPPluginJar : add fatfs
2024-02-06 15:33:59,203 [INFO] IPUIPlugin:80 - create IPUIPlugin
2024-02-06 15:33:59,204 [INFO] PluginManager:220 - loadIPPluginJar : add fmc
2024-02-06 15:33:59,214 [INFO] IPUIPlugin:80 - create IPUIPlugin
2024-02-06 15:33:59,214 [INFO] PluginManager:220 - loadIPPluginJar : add freertos
2024-02-06 15:33:59,217 [INFO] IPUIPlugin:80 - create IPUIPlugin
2024-02-06 15:33:59,218 [INFO] PluginManager:220 - loadIPPluginJar : add genericplugin
2024-02-06 15:33:59,222 [INFO] IPUIPlugin:80 - create IPUIPlugin
2024-02-06 15:33:59,222 [INFO] PluginManager:220 - loadIPPluginJar : add gfxmmu
2024-02-06 15:33:59,234 [INFO] IPUIPlugin:80 - create IPUIPlugin
2024-02-06 15:33:59,234 [INFO] PluginManager:220 - loadIPPluginJar : add gic
2024-02-06 15:33:59,241 [INFO] IPUIPlugin:80 - create IPUIPlugin
2024-02-06 15:33:59,241 [INFO] PluginManager:220 - loadIPPluginJar : add gpio
2024-02-06 15:33:59,244 [INFO] IPUIPlugin:80 - create IPUIPlugin
2024-02-06 15:33:59,244 [INFO] PluginManager:220 - loadIPPluginJar : add gtzc
2024-02-06 15:33:59,247 [INFO] IPUIPlugin:80 - create IPUIPlugin
2024-02-06 15:33:59,249 [INFO] PluginManager:220 - loadIPPluginJar : add hash
2024-02-06 15:33:59,253 [INFO] IPUIPlugin:80 - create IPUIPlugin
2024-02-06 15:33:59,253 [INFO] PluginManager:220 - loadIPPluginJar : add i2c
2024-02-06 15:33:59,258 [INFO] IPUIPlugin:80 - create IPUIPlugin
2024-02-06 15:33:59,258 [INFO] PluginManager:220 - loadIPPluginJar : add i2s
2024-02-06 15:33:59,262 [INFO] IPUIPlugin:80 - create IPUIPlugin
2024-02-06 15:33:59,262 [INFO] PluginManager:220 - loadIPPluginJar : add i3c
2024-02-06 15:33:59,268 [INFO] IPUIPlugin:80 - create IPUIPlugin
2024-02-06 15:33:59,268 [INFO] PluginManager:220 - loadIPPluginJar : add ipddr
2024-02-06 15:33:59,278 [INFO] IPUIPlugin:80 - create IPUIPlugin
2024-02-06 15:33:59,278 [INFO] PluginManager:220 - loadIPPluginJar : add linkedlist
2024-02-06 15:33:59,283 [INFO] IPUIPlugin:80 - create IPUIPlugin
2024-02-06 15:33:59,283 [INFO] PluginManager:220 - loadIPPluginJar : add lorawan
2024-02-06 15:33:59,285 [INFO] IPUIPlugin:80 - create IPUIPlugin
2024-02-06 15:33:59,285 [INFO] PluginManager:220 - loadIPPluginJar : add ltdc
2024-02-06 15:33:59,297 [INFO] IPUIPlugin:80 - create IPUIPlugin
2024-02-06 15:33:59,298 [INFO] PluginManager:220 - loadIPPluginJar : add mdma
2024-02-06 15:33:59,304 [INFO] IPUIPlugin:80 - create IPUIPlugin
2024-02-06 15:33:59,304 [INFO] PluginManager:220 - loadIPPluginJar : add nvic
2024-02-06 15:33:59,308 [INFO] IPUIPlugin:80 - create IPUIPlugin
2024-02-06 15:33:59,308 [INFO] PluginManager:220 - loadIPPluginJar : add opamp
2024-02-06 15:33:59,313 [INFO] IPUIPlugin:80 - create IPUIPlugin
2024-02-06 15:33:59,313 [INFO] PluginManager:220 - loadIPPluginJar : add openamp
2024-02-06 15:33:59,318 [INFO] IPUIPlugin:80 - create IPUIPlugin
2024-02-06 15:33:59,318 [INFO] PluginManager:220 - loadIPPluginJar : add pdm2pcm
2024-02-06 15:33:59,326 [INFO] IPUIPlugin:80 - create IPUIPlugin
2024-02-06 15:33:59,330 [INFO] PluginManager:220 - loadIPPluginJar : add plateformsettings
2024-02-06 15:33:59,333 [INFO] IPUIPlugin:80 - create IPUIPlugin
2024-02-06 15:33:59,333 [INFO] PluginManager:220 - loadIPPluginJar : add quadspi
2024-02-06 15:33:59,337 [INFO] IPUIPlugin:80 - create IPUIPlugin
2024-02-06 15:33:59,338 [INFO] PluginManager:220 - loadIPPluginJar : add resmgrutility
2024-02-06 15:33:59,343 [INFO] IPUIPlugin:80 - create IPUIPlugin
2024-02-06 15:33:59,343 [INFO] PluginManager:220 - loadIPPluginJar : add sai
2024-02-06 15:33:59,348 [INFO] IPUIPlugin:80 - create IPUIPlugin
2024-02-06 15:33:59,348 [INFO] PluginManager:220 - loadIPPluginJar : add spi
2024-02-06 15:33:59,356 [INFO] IPUIPlugin:80 - create IPUIPlugin
2024-02-06 15:33:59,356 [INFO] PluginManager:220 - loadIPPluginJar : add stm32_wpan
2024-02-06 15:33:59,359 [INFO] IPUIPlugin:80 - create IPUIPlugin
2024-02-06 15:33:59,359 [INFO] PluginManager:220 - loadIPPluginJar : add tim
2024-02-06 15:33:59,365 [INFO] IPUIPlugin:80 - create IPUIPlugin
2024-02-06 15:33:59,365 [INFO] PluginManager:220 - loadIPPluginJar : add touchsensing
2024-02-06 15:33:59,369 [INFO] IPUIPlugin:80 - create IPUIPlugin
2024-02-06 15:33:59,369 [INFO] PluginManager:220 - loadIPPluginJar : add tracer_emb
2024-02-06 15:33:59,374 [INFO] IPUIPlugin:80 - create IPUIPlugin
2024-02-06 15:33:59,374 [INFO] PluginManager:220 - loadIPPluginJar : add ts
2024-02-06 15:33:59,377 [INFO] IPUIPlugin:80 - create IPUIPlugin
2024-02-06 15:33:59,377 [INFO] PluginManager:220 - loadIPPluginJar : add tsc
2024-02-06 15:33:59,382 [INFO] IPUIPlugin:80 - create IPUIPlugin
2024-02-06 15:33:59,383 [INFO] PluginManager:220 - loadIPPluginJar : add ucpd
2024-02-06 15:33:59,388 [INFO] IPUIPlugin:80 - create IPUIPlugin
2024-02-06 15:33:59,388 [INFO] PluginManager:220 - loadIPPluginJar : add usart
2024-02-06 15:33:59,394 [INFO] IPUIPlugin:80 - create IPUIPlugin
2024-02-06 15:33:59,394 [INFO] PluginManager:220 - loadIPPluginJar : add usbx
2024-02-06 15:33:59,588 [INFO] CADModel:165 - CPN selected for project level
2024-02-06 15:33:59,588 [INFO] CADModel:114 - Register for checkConnection events
2024-02-06 15:33:59,588 [FATAL] Updater:308 - Updater called before beeing initialized
2024-02-06 15:33:59,589 [ERROR] CADModel:125 - Updater not yet initialized, retry later 
2024-02-06 15:33:59,741 [INFO] CADModel:165 - CPN selected for project level
2024-02-06 15:33:59,743 [INFO] CADModel:114 - Register for checkConnection events
2024-02-06 15:33:59,743 [FATAL] Updater:308 - Updater called before beeing initialized
2024-02-06 15:33:59,743 [ERROR] CADModel:125 - Updater not yet initialized, retry later 
2024-02-06 15:33:59,745 [FATAL] Updater:308 - Updater called before beeing initialized
2024-02-06 15:33:59,885 [FATAL] Updater:308 - Updater called before beeing initialized
2024-02-06 15:33:59,891 [INFO] DbMcusAds:53 - JSON generation date=Wed Nov 29 14:52:27 GMT+04:00 2023 (1701255147200)
2024-02-06 15:33:59,891 [FATAL] Updater:308 - Updater called before beeing initialized
2024-02-06 15:33:59,926 [WARN] DetailPanel:346 - Failed to get advertising image, set to default
2024-02-06 15:34:00,028 [FATAL] Updater:308 - Updater called before beeing initialized
2024-02-06 15:34:00,030 [FATAL] Updater:308 - Updater called before beeing initialized
2024-02-06 15:34:00,030 [FATAL] Updater:308 - Updater called before beeing initialized
2024-02-06 15:34:00,030 [WARN] DetailPanel:346 - Failed to get advertising image, set to default
2024-02-06 15:34:00,031 [FATAL] Updater:308 - Updater called before beeing initialized
2024-02-06 15:34:00,077 [ERROR] Updater:1120 - MainUpdater not yet initialized. External WinMGr cannot be set.
2024-02-06 15:34:00,079 [INFO] Updater:1056 - Updater Version found : 6.10.0
2024-02-06 15:34:00,096 [INFO] ApplicationProperties:184 - Using Application install path: C:\ST\STM32CubeIDE_1.14.1\STM32CubeIDE\plugins\com.st.stm32cube.common.mx_6.10.0.202311202037
2024-02-06 15:34:00,563 [INFO] MainUpdater:2873 - connection check result : 10
2024-02-06 15:34:00,564 [INFO] MainUpdater:290 - Updater Check For Update Now.
2024-02-06 15:34:00,564 [INFO] MicroXplorer:498 - Change Database Version : DB.6.0.100
2024-02-06 15:34:00,571 [INFO] McuFinderGlobals:63 - Set McuFinder mode to 2 (CubeIDE integrated)
2024-02-06 15:34:00,572 [INFO] UserAuth:180 - activating auth plugin
2024-02-06 15:34:00,575 [INFO] UserAuth:404 - Internet connection configuration mode: 1
2024-02-06 15:34:00,608 [INFO] JxBrowserEngine:152 - Initiate JxBrowser Engine with user profile folder
2024-02-06 15:34:00,748 [INFO] CheckServerUpdateThread:120 - End of CheckServer Thread
2024-02-06 15:34:01,258 [INFO] WebApp:161 - Instantiating new browser for Auth
2024-02-06 15:34:01,309 [WARN] PackLoader:240 - Cannot read IP mode file for STMicroelectronics.X-CUBE-SMBUS.2.1.0
2024-02-06 15:34:01,321 [WARN] PackLoader:240 - Cannot read IP mode file for STMicroelectronics.X-CUBE-TOUCHGFX.4.23.0
2024-02-06 15:34:01,415 [WARN] PackLoader:240 - Cannot read IP mode file for STMicroelectronics.X-CUBE-MEMS1.9.2.0
2024-02-06 15:34:01,631 [WARN] PackLoader:240 - Cannot read IP mode file for STMicroelectronics.X-CUBE-AZRTOS-F7.1.1.0
2024-02-06 15:34:01,641 [WARN] PackLoader:240 - Cannot read IP mode file for STMicroelectronics.X-CUBE-TOUCHGFX.4.19.1
2024-02-06 15:34:01,648 [ERROR] RealEvaluatedCondition:428 - Found unsupported composite condition: CLASS='Data Exchange' GROUP='STM32_MetaDataManager'
2024-02-06 15:34:01,649 [ERROR] RealEvaluatedCondition:428 - Found unsupported composite condition: CLASS='Data Exchange' GROUP='STM32_MetaDataManager'
2024-02-06 15:34:01,651 [WARN] PackLoader:240 - Cannot read IP mode file for STMicroelectronics.FP-SNS-MOTENV1.4.3.0
2024-02-06 15:34:01,658 [WARN] PackLoader:240 - Cannot read IP mode file for STMicroelectronics.FP-SNS-MOTENV1.4.3.2
2024-02-06 15:34:01,665 [WARN] PackLoader:240 - Cannot read IP mode file for STMicroelectronics.FP-SNS-FLIGHT1.5.0.0
2024-02-06 15:34:01,671 [ERROR] RealEvaluatedCondition:428 - Found unsupported composite condition: GROUP='STM32_MetaDataManager' CLASS='Data Exchange'
2024-02-06 15:34:01,671 [ERROR] RealEvaluatedCondition:428 - Found unsupported composite condition: CLASS='Data Exchange' GROUP='STM32_MetaDataManager'
2024-02-06 15:34:01,673 [WARN] PackLoader:240 - Cannot read IP mode file for STMicroelectronics.FP-SNS-MOTENV1.4.3.1
2024-02-06 15:34:01,679 [WARN] PackLoader:240 - Cannot read IP mode file for STMicroelectronics.FP-SNS-FLIGHT1.5.0.1
2024-02-06 15:34:01,689 [WARN] PackLoader:240 - Cannot read IP mode file for STMicroelectronics.X-CUBE-BLE1.6.2.4
2024-02-06 15:34:01,695 [WARN] PackLoader:240 - Cannot read IP mode file for STMicroelectronics.FP-SNS-FLIGHT1.5.0.2
2024-02-06 15:34:01,706 [WARN] PackLoader:240 - Cannot read IP mode file for STMicroelectronics.X-CUBE-TOF1.3.1.0
2024-02-06 15:34:01,719 [WARN] PackLoader:240 - Cannot read IP mode file for STMicroelectronics.X-CUBE-DISPLAY.3.0.0
2024-02-06 15:34:01,728 [WARN] PackLoader:240 - Cannot read IP mode file for STMicroelectronics.X-CUBE-BLE1.7.0.0
2024-02-06 15:34:01,733 [WARN] PackLoader:240 - Cannot read IP mode file for STMicroelectronics.X-CUBE-TOUCHGFX.4.22.0
2024-02-06 15:34:01,736 [WARN] PackLoader:240 - Cannot read IP mode file for STMicroelectronics.X-CUBE-TOUCHGFX.4.22.1
2024-02-06 15:34:01,787 [WARN] PackLoader:240 - Cannot read IP mode file for STMicroelectronics.X-CUBE-MEMS1.9.3.0
2024-02-06 15:34:01,920 [WARN] PackLoader:240 - Cannot read IP mode file for STMicroelectronics.X-CUBE-AI.7.2.0
2024-02-06 15:34:01,927 [WARN] PackLoader:240 - Cannot read IP mode file for STMicroelectronics.FP-SNS-SMARTAG2.1.2.0
2024-02-06 15:34:01,943 [INFO] LogOutputStream:77 - [STDOUT_REDIRECT] 1 : Invalid condition id : UX_CORESTACK_Condition cause : null
2024-02-06 15:34:01,945 [INFO] LogOutputStream:77 - [STDOUT_REDIRECT] 1 : Invalid condition id : UX_CORESTACK_Condition cause : null
2024-02-06 15:34:01,946 [INFO] LogOutputStream:77 - [STDOUT_REDIRECT] 1 : Invalid condition id : UX_CORESTACK_Condition cause : null
2024-02-06 15:34:01,948 [INFO] LogOutputStream:77 - [STDOUT_REDIRECT] 1 : Invalid condition id : UX_CORESTACK_Condition cause : null
2024-02-06 15:34:01,950 [INFO] LogOutputStream:77 - [STDOUT_REDIRECT] 1 : Invalid condition id : UX_CORESTACK_Condition cause : null
2024-02-06 15:34:01,955 [WARN] PackLoader:240 - Cannot read IP mode file for STMicroelectronics.X-CUBE-AZRTOS-WL.2.0.0
2024-02-06 15:34:01,968 [WARN] PackLoader:240 - Cannot read IP mode file for WES.I-CUBE-Cesium.1.3.0
2024-02-06 15:34:01,976 [WARN] PackLoader:240 - Cannot read IP mode file for STMicroelectronics.X-CUBE-BLE2.3.3.0
2024-02-06 15:34:01,991 [WARN] PackLoader:240 - Cannot read IP mode file for STMicroelectronics.X-CUBE-TOF1.3.2.0
2024-02-06 15:34:02,004 [WARN] PackLoader:240 - Cannot read IP mode file for STMicroelectronics.X-CUBE-ISPU.1.0.0
2024-02-06 15:34:02,009 [WARN] PackLoader:240 - Cannot read IP mode file for STMicroelectronics.X-CUBE-TOUCHGFX.4.21.1
2024-02-06 15:34:02,012 [WARN] PackLoader:240 - Cannot read IP mode file for STMicroelectronics.X-CUBE-TOUCHGFX.4.21.0
2024-02-06 15:34:02,018 [WARN] PackLoader:240 - Cannot read IP mode file for STMicroelectronics.X-CUBE-TOUCHGFX.4.21.3
2024-02-06 15:34:02,022 [WARN] PackLoader:240 - Cannot read IP mode file for STMicroelectronics.X-CUBE-TOUCHGFX.4.21.4
2024-02-06 15:34:02,077 [WARN] PackLoader:240 - Cannot read IP mode file for STMicroelectronics.X-CUBE-MEMS1.9.4.0
2024-02-06 15:34:02,272 [WARN] PackLoader:240 - Cannot read IP mode file for STMicroelectronics.X-CUBE-AI.7.3.0
2024-02-06 15:34:02,293 [WARN] PackLoader:240 - Cannot read IP mode file for STMicroelectronics.X-CUBE-AZRTOS-G0.1.1.0
2024-02-06 15:34:02,307 [WARN] PackLoader:240 - Cannot read IP mode file for STMicroelectronics.X-CUBE-NFC4.3.0.0
2024-02-06 15:34:02,323 [WARN] PackLoader:240 - Cannot read IP mode file for STMicroelectronics.X-CUBE-BLEMGR.3.0.0
2024-02-06 15:34:02,335 [WARN] PackLoader:240 - Cannot read IP mode file for STMicroelectronics.X-CUBE-BLEMGR.1.3.0
2024-02-06 15:34:02,343 [WARN] PackLoader:240 - Cannot read IP mode file for STMicroelectronics.FP-ATR-SIGFOX1.3.2.0
2024-02-06 15:34:02,354 [WARN] PackLoader:240 - Cannot read IP mode file for STMicroelectronics.X-CUBE-EEPRMA1.5.1.0
2024-02-06 15:34:02,378 [WARN] PackLoader:240 - Cannot read IP mode file for emotas.I-CUBE-CANOPEN.1.1.2
2024-02-06 15:34:02,384 [WARN] PackLoader:240 - Cannot read IP mode file for STMicroelectronics.X-CUBE-TOUCHGFX.4.20.0
2024-02-06 15:34:02,429 [WARN] PackLoader:240 - Cannot read IP mode file for STMicroelectronics.X-CUBE-MEMS1.9.5.0
2024-02-06 15:34:02,556 [INFO] WebApp:780 - Register for checkConnection events
2024-02-06 15:34:02,557 [INFO] WebApp:414 - Apply proxy settings
2024-02-06 15:34:02,557 [INFO] WebApp:499 - Chromium requires no authentication
2024-02-06 15:34:02,579 [INFO] WebApp:442 - Direct internet connection detected
2024-02-06 15:34:02,606 [WARN] PackLoader:240 - Cannot read IP mode file for SEGGER.I-CUBE-embOS.1.3.1
2024-02-06 15:34:02,653 [WARN] PackLoader:240 - Cannot read IP mode file for STMicroelectronics.X-CUBE-GNSS1.6.0.0
2024-02-06 15:34:02,670 [WARN] PackLoader:240 - Cannot read IP mode file for STMicroelectronics.X-CUBE-AZRTOS-F4.1.1.0
2024-02-06 15:34:02,682 [WARN] PackLoader:240 - Cannot read IP mode file for STMicroelectronics.X-CUBE-BLEMGR.1.2.0
2024-02-06 15:34:02,701 [WARN] PackLoader:240 - Cannot read IP mode file for STMicroelectronics.X-CUBE-AZRTOS-L5.2.0.0
2024-02-06 15:34:02,753 [WARN] PackLoader:240 - Cannot read IP mode file for STMicroelectronics.X-CUBE-MEMS1.9.6.0
2024-02-06 15:34:02,910 [WARN] PackLoader:240 - Cannot read IP mode file for STMicroelectronics.X-CUBE-EEPRMA1.4.2.0
2024-02-06 15:34:02,919 [WARN] PackLoader:240 - Cannot read IP mode file for ITTIA_DB.I-CUBE-ITTIADB.8.8.0
2024-02-06 15:34:02,926 [WARN] PackLoader:240 - Cannot read IP mode file for STMicroelectronics.X-CUBE-BLEMGR.2.0.0
2024-02-06 15:34:02,933 [WARN] PackLoader:240 - Cannot read IP mode file for STMicroelectronics.X-CUBE-NFC4.2.0.5
2024-02-06 15:34:02,939 [WARN] PackLoader:240 - Cannot read IP mode file for STMicroelectronics.X-CUBE-TOUCHGFX.4.15.0
2024-02-06 15:34:03,004 [INFO] WebApp:192 - Starting web application
2024-02-06 15:34:03,004 [INFO] WebApp:544 - Web application path used C:\ST\STM32CubeIDE_1.14.1\STM32CubeIDE\plugins\com.st.stm32cube.common.mx_6.10.0.202311202037\db\plugins\mcufinder\reactClient1\index.html
2024-02-06 15:34:03,080 [WARN] ConditionMgr:438 - getConditionDescription Invalid condition id : UX DEVICE CLASS RTOS Condition cause : null
2024-02-06 15:34:03,080 [WARN] ConditionMgr:438 - getConditionDescription Invalid condition id : UX DEVICE CLASS RTOS Condition cause : null
2024-02-06 15:34:03,086 [WARN] PackLoader:240 - Cannot read IP mode file for STMicroelectronics.X-CUBE-AZRTOS-H7.3.1.0
2024-02-06 15:34:03,088 [WARN] ConditionMgr:1039 - genDependencies : Invalid condition id : UX DEVICE CLASS RTOS Condition cause : null
2024-02-06 15:34:03,088 [WARN] ConditionMgr:1039 - genDependencies : Invalid condition id : UX DEVICE CLASS RTOS Condition cause : null
2024-02-06 15:34:03,088 [WARN] ConditionMgr:1039 - genDependencies : Invalid condition id : UX DEVICE CLASS RTOS Condition cause : null
2024-02-06 15:34:03,090 [WARN] ConditionMgr:1039 - genDependencies : Invalid condition id : UX DEVICE CLASS RTOS Condition cause : null
2024-02-06 15:34:03,090 [WARN] ConditionMgr:1039 - genDependencies : Invalid condition id : UX DEVICE CLASS RTOS Condition cause : null
2024-02-06 15:34:03,098 [WARN] PackLoader:240 - Cannot read IP mode file for STMicroelectronics.X-CUBE-NFC7.1.0.1
2024-02-06 15:34:03,110 [WARN] PackLoader:240 - Cannot read IP mode file for STMicroelectronics.X-CUBE-NFC6.3.0.0
2024-02-06 15:34:03,119 [WARN] PackLoader:240 - Cannot read IP mode file for STMicroelectronics.X-CUBE-EEPRMA1.4.1.0
2024-02-06 15:34:03,125 [WARN] PackLoader:240 - Cannot read IP mode file for STMicroelectronics.X-CUBE-AI.8.1.0
2024-02-06 15:34:03,143 [WARN] ConditionMgr:438 - getConditionDescription Invalid condition id : LAN8742 Phy interface Condition cause : null
2024-02-06 15:34:03,143 [WARN] PackLoader:240 - Cannot read IP mode file for STMicroelectronics.X-CUBE-AZRTOS-L4.2.0.0
2024-02-06 15:34:03,144 [WARN] ConditionMgr:1039 - genDependencies : Invalid condition id : LAN8742 Phy interface Condition cause : null
2024-02-06 15:34:03,145 [WARN] ConditionMgr:1039 - genDependencies : Invalid condition id : LAN8742 Phy interface Condition cause : null
2024-02-06 15:34:03,145 [WARN] ConditionMgr:1039 - genDependencies : Invalid condition id : LAN8742 Phy interface Condition cause : null
2024-02-06 15:34:03,155 [WARN] PackLoader:240 - Cannot read IP mode file for STMicroelectronics.X-CUBE-SFXS2LP1.4.0.0
2024-02-06 15:34:03,175 [WARN] PackLoader:240 - Cannot read IP mode file for STMicroelectronics.X-CUBE-AZRTOS-H7.3.0.0
2024-02-06 15:34:03,183 [WARN] PackLoader:240 - Cannot read IP mode file for STMicroelectronics.X-CUBE-ISPU.1.1.0
2024-02-06 15:34:03,189 [WARN] PackLoader:240 - Cannot read IP mode file for STMicroelectronics.X-CUBE-AI.8.0.0
2024-02-06 15:34:03,206 [WARN] ConditionMgr:438 - getConditionDescription Invalid condition id : UX DEVICE CLASS RTOS Condition cause : null
2024-02-06 15:34:03,206 [WARN] ConditionMgr:438 - getConditionDescription Invalid condition id : UX DEVICE CLASS RTOS Condition cause : null
2024-02-06 15:34:03,210 [WARN] PackLoader:240 - Cannot read IP mode file for STMicroelectronics.X-CUBE-AZRTOS-WB.2.0.0
2024-02-06 15:34:03,210 [WARN] ConditionMgr:1039 - genDependencies : Invalid condition id : UX DEVICE CLASS RTOS Condition cause : null
2024-02-06 15:34:03,211 [WARN] ConditionMgr:1039 - genDependencies : Invalid condition id : UX DEVICE CLASS RTOS Condition cause : null
2024-02-06 15:34:03,211 [WARN] ConditionMgr:1039 - genDependencies : Invalid condition id : UX DEVICE CLASS RTOS Condition cause : null
2024-02-06 15:34:03,212 [WARN] ConditionMgr:1039 - genDependencies : Invalid condition id : UX DEVICE CLASS RTOS Condition cause : null
2024-02-06 15:34:03,212 [WARN] ConditionMgr:1039 - genDependencies : Invalid condition id : UX DEVICE CLASS RTOS Condition cause : null
2024-02-06 15:34:03,220 [WARN] PackLoader:240 - Cannot read IP mode file for STMicroelectronics.X-CUBE-FREERTOS.1.0.0
2024-02-06 15:34:03,225 [WARN] PackLoader:240 - Cannot read IP mode file for STMicroelectronics.X-CUBE-FREERTOS.1.0.1
2024-02-06 15:34:03,232 [WARN] PackLoader:240 - Cannot read IP mode file for STMicroelectronics.X-CUBE-BLEMGR.1.0.0
2024-02-06 15:34:03,249 [WARN] PackLoader:240 - Cannot read IP mode file for STMicroelectronics.X-CUBE-AZRTOS-L5.1.1.0
2024-02-06 15:34:03,256 [WARN] PackLoader:240 - Cannot read IP mode file for STMicroelectronics.X-CUBE-AI.8.0.1
2024-02-06 15:34:03,267 [WARN] PackLoader:240 - Cannot read IP mode file for STMicroelectronics.X-CUBE-TOF1.3.3.1
2024-02-06 15:34:03,289 [WARN] PackLoader:240 - Cannot read IP mode file for STMicroelectronics.X-CUBE-AZRTOS-G4.2.0.0
2024-02-06 15:34:03,318 [WARN] PackLoader:240 - Cannot read IP mode file for STMicroelectronics.X-CUBE-TOF1.3.3.0
2024-02-06 15:34:03,329 [WARN] PackLoader:240 - Cannot read IP mode file for STMicroelectronics.FP-ATR-ASTRA1.1.1.1
2024-02-06 15:34:03,344 [WARN] PackLoader:240 - Cannot read IP mode file for Infineon.AIROC-Wi-Fi-Bluetooth-STM32.1.5.1
2024-02-06 15:34:03,352 [WARN] PackLoader:240 - Cannot read IP mode file for STMicroelectronics.FP-ATR-ASTRA1.1.1.0
2024-02-06 15:34:03,359 [WARN] PackLoader:240 - Cannot read IP mode file for STMicroelectronics.FP-SNS-MOTENVWB1.1.3.0
2024-02-06 15:34:03,363 [WARN] PackLoader:240 - Cannot read IP mode file for STMicroelectronics.FP-SNS-MOTENVWB1.1.3.1
2024-02-06 15:34:03,370 [WARN] PackLoader:240 - Cannot read IP mode file for STMicroelectronics.X-CUBE-ISPU.2.0.0
2024-02-06 15:34:03,411 [WARN] PackLoader:240 - Cannot read IP mode file for STMicroelectronics.X-CUBE-MEMS1.10.0.0
2024-02-06 15:34:03,532 [WARN] PackLoader:240 - Cannot read IP mode file for STMicroelectronics.X-CUBE-FREERTOS.1.1.0
2024-02-06 15:34:03,544 [WARN] PackLoader:240 - Cannot read IP mode file for STMicroelectronics.X-CUBE-AZRTOS-WB.1.1.0
2024-02-06 15:34:03,550 [WARN] PackLoader:240 - Cannot read IP mode file for STMicroelectronics.FP-ATR-ASTRA1.2.0.0
2024-02-06 15:34:03,560 [WARN] PackLoader:240 - Cannot read IP mode file for STMicroelectronics.X-CUBE-TOF1.3.4.0
2024-02-06 15:34:03,586 [WARN] PackLoader:240 - Cannot read IP mode file for STMicroelectronics.X-CUBE-AZRTOS-H7.3.2.0
2024-02-06 15:34:03,591 [INFO] ThirdParty:978 - Integrity check success = true
2024-02-06 15:34:03,591 [INFO] IntegrityCheckThread:100 - exiting critical section [integrity check]
2024-02-06 15:34:03,591 [INFO] IntegrityCheckThread:103 - End integrity checks thread
2024-02-06 15:34:17,324 [ERROR] LogOutputStream:75 - [STDERR_REDIRECT] 
