21:15:17 **** Incremental Build of configuration Debug for project CubeMx ****
make -j16 all 
arm-none-eabi-gcc "../mysource/measuring.c" -mcpu=cortex-m4 -std=gnu11 -g3 -DDEBUG -DUSE_HAL_DRIVER -DSTM32F401xC -c -I../Core/Inc -I"C:/Users/user/Documents/GIT_WORKSPACE/NTFR_SW_V2/CubeMx/ST7735_inc" -I"C:/Users/user/Documents/GIT_WORKSPACE/NTFR_SW_V2/CubeMx/w25qxx" -I"C:/Users/user/Documents/GIT_WORKSPACE/NTFR_SW_V2/CubeMx/mysource" -I"C:/Users/user/Documents/GIT_WORKSPACE/NTFR_SW_V2/CubeMx/ST7735_src" -I../Drivers/STM32F4xx_HAL_Driver/Inc -I../Drivers/STM32F4xx_HAL_Driver/Inc/Legacy -I../Drivers/CMSIS/Device/ST/STM32F4xx/Include -I../Drivers/CMSIS/Include -I../USB_DEVICE/App -I../USB_DEVICE/Target -I../Middlewares/ST/STM32_USB_Device_Library/Core/Inc -I../Middlewares/ST/STM32_USB_Device_Library/Class/CDC/Inc -O0 -ffunction-sections -fdata-sections -Wall -fstack-usage -fcyclomatic-complexity -MMD -MP -MF"mysource/measuring.d" -MT"mysource/measuring.o" --specs=nano.specs -mfpu=fpv4-sp-d16 -mfloat-abi=hard -mthumb -o "mysource/measuring.o"
arm-none-eabi-gcc "../mysource/touch.c" -mcpu=cortex-m4 -std=gnu11 -g3 -DDEBUG -DUSE_HAL_DRIVER -DSTM32F401xC -c -I../Core/Inc -I"C:/Users/user/Documents/GIT_WORKSPACE/NTFR_SW_V2/CubeMx/ST7735_inc" -I"C:/Users/user/Documents/GIT_WORKSPACE/NTFR_SW_V2/CubeMx/w25qxx" -I"C:/Users/user/Documents/GIT_WORKSPACE/NTFR_SW_V2/CubeMx/mysource" -I"C:/Users/user/Documents/GIT_WORKSPACE/NTFR_SW_V2/CubeMx/ST7735_src" -I../Drivers/STM32F4xx_HAL_Driver/Inc -I../Drivers/STM32F4xx_HAL_Driver/Inc/Legacy -I../Drivers/CMSIS/Device/ST/STM32F4xx/Include -I../Drivers/CMSIS/Include -I../USB_DEVICE/App -I../USB_DEVICE/Target -I../Middlewares/ST/STM32_USB_Device_Library/Core/Inc -I../Middlewares/ST/STM32_USB_Device_Library/Class/CDC/Inc -O0 -ffunction-sections -fdata-sections -Wall -fstack-usage -fcyclomatic-complexity -MMD -MP -MF"mysource/touch.d" -MT"mysource/touch.o" --specs=nano.specs -mfpu=fpv4-sp-d16 -mfloat-abi=hard -mthumb -o "mysource/touch.o"
arm-none-eabi-gcc "../Core/Src/main.c" -mcpu=cortex-m4 -std=gnu11 -g3 -DDEBUG -DUSE_HAL_DRIVER -DSTM32F401xC -c -I../Core/Inc -I"C:/Users/user/Documents/GIT_WORKSPACE/NTFR_SW_V2/CubeMx/ST7735_inc" -I"C:/Users/user/Documents/GIT_WORKSPACE/NTFR_SW_V2/CubeMx/w25qxx" -I"C:/Users/user/Documents/GIT_WORKSPACE/NTFR_SW_V2/CubeMx/mysource" -I"C:/Users/user/Documents/GIT_WORKSPACE/NTFR_SW_V2/CubeMx/ST7735_src" -I../Drivers/STM32F4xx_HAL_Driver/Inc -I../Drivers/STM32F4xx_HAL_Driver/Inc/Legacy -I../Drivers/CMSIS/Device/ST/STM32F4xx/Include -I../Drivers/CMSIS/Include -I../USB_DEVICE/App -I../USB_DEVICE/Target -I../Middlewares/ST/STM32_USB_Device_Library/Core/Inc -I../Middlewares/ST/STM32_USB_Device_Library/Class/CDC/Inc -O0 -ffunction-sections -fdata-sections -Wall -fstack-usage -fcyclomatic-complexity -MMD -MP -MF"Core/Src/main.d" -MT"Core/Src/main.o" --specs=nano.specs -mfpu=fpv4-sp-d16 -mfloat-abi=hard -mthumb -o "Core/Src/main.o"
arm-none-eabi-gcc "../Core/Src/stm32f4xx_it.c" -mcpu=cortex-m4 -std=gnu11 -g3 -DDEBUG -DUSE_HAL_DRIVER -DSTM32F401xC -c -I../Core/Inc -I"C:/Users/user/Documents/GIT_WORKSPACE/NTFR_SW_V2/CubeMx/ST7735_inc" -I"C:/Users/user/Documents/GIT_WORKSPACE/NTFR_SW_V2/CubeMx/w25qxx" -I"C:/Users/user/Documents/GIT_WORKSPACE/NTFR_SW_V2/CubeMx/mysource" -I"C:/Users/user/Documents/GIT_WORKSPACE/NTFR_SW_V2/CubeMx/ST7735_src" -I../Drivers/STM32F4xx_HAL_Driver/Inc -I../Drivers/STM32F4xx_HAL_Driver/Inc/Legacy -I../Drivers/CMSIS/Device/ST/STM32F4xx/Include -I../Drivers/CMSIS/Include -I../USB_DEVICE/App -I../USB_DEVICE/Target -I../Middlewares/ST/STM32_USB_Device_Library/Core/Inc -I../Middlewares/ST/STM32_USB_Device_Library/Class/CDC/Inc -O0 -ffunction-sections -fdata-sections -Wall -fstack-usage -fcyclomatic-complexity -MMD -MP -MF"Core/Src/stm32f4xx_it.d" -MT"Core/Src/stm32f4xx_it.o" --specs=nano.specs -mfpu=fpv4-sp-d16 -mfloat-abi=hard -mthumb -o "Core/Src/stm32f4xx_it.o"
../mysource/measuring.c: In function 'display_loading_status':
../mysource/measuring.c:277:9: warning: implicit declaration of function 'SPI_Flash_to_LCD' [-Wimplicit-function-declaration]
  277 |         SPI_Flash_to_LCD(LOADING_BAR,16224 + 1800 * bar_index, 100, 9, 48, 55);
      |         ^~~~~~~~~~~~~~~~
../mysource/measuring.c: At top level:
../mysource/measuring.c:304:2: warning: return type defaults to 'int' [-Wimplicit-int]
  304 |  display_product_norm(uint16_t reference_value, uint8_t language, uint8_t id)
      |  ^~~~~~~~~~~~~~~~~~~~
../mysource/measuring.c:304:2: warning: conflicting types for 'display_product_norm'
In file included from ../mysource/measuring.c:7:
../mysource/measuring.h:36:6: note: previous declaration of 'display_product_norm' with type 'void(uint16_t,  uint8_t)' {aka 'void(short unsigned int,  unsigned char)'}
   36 | void display_product_norm(uint16_t reference_value, uint8_t language);
      |      ^~~~~~~~~~~~~~~~~~~~
../mysource/measuring.c: In function 'display_loading_status':
../mysource/measuring.c:298:1: warning: control reaches end of non-void function [-Wreturn-type]
  298 | }
      | ^
../mysource/measuring.c: In function 'display_product_norm':
../mysource/measuring.c:307:33: warning: 'sprintf' may write a terminating nul past the end of the destination [-Wformat-overflow=]
  307 |         sprintf(char_buffer, "%d", reference_value );
      |                                 ^
../mysource/measuring.c:307:9: note: 'sprintf' output between 2 and 6 bytes into a destination of size 5
  307 |         sprintf(char_buffer, "%d", reference_value );
      |         ^~~~~~~~~~~~~~~~~~~~~~~~~~~~~~~~~~~~~~~~~~~~
../mysource/measuring.c: In function 'display_measuring_text':
../mysource/measuring.c:323:33: warning: 'sprintf' may write a terminating nul past the end of the destination [-Wformat-overflow=]
  323 |         sprintf(char_buffer, "%d", reference_value );
      |                                 ^
../mysource/measuring.c:323:9: note: 'sprintf' output between 2 and 6 bytes into a destination of size 5
  323 |         sprintf(char_buffer, "%d", reference_value );
      |         ^~~~~~~~~~~~~~~~~~~~~~~~~~~~~~~~~~~~~~~~~~~~
../mysource/measuring.c:326:33: warning: 'sprintf' may write a terminating nul past the end of the destination [-Wformat-overflow=]
  326 |         sprintf(char_buffer, "%d", measured_value );
      |                                 ^
../mysource/measuring.c:326:9: note: 'sprintf' output between 2 and 6 bytes into a destination of size 5
  326 |         sprintf(char_buffer, "%d", measured_value );
      |         ^~~~~~~~~~~~~~~~~~~~~~~~~~~~~~~~~~~~~~~~~~~
../Core/Src/main.c: In function 'SPI_Flash_to_LCD':
../Core/Src/main.c:204:26: warning: passing argument 1 of 'W25qxx_ReadBlock' from incompatible pointer type [-Wincompatible-pointer-types]
  204 |         W25qxx_ReadBlock(img_buffer, block, offset, img_byte_amount);
      |                          ^~~~~~~~~~
      |                          |
      |                          uint16_t * {aka short unsigned int *}
In file included from C:/Users/user/Documents/GIT_WORKSPACE/NTFR_SW_V2/CubeMx/mysource/allmyheaders.h:18,
                 from ../Core/Src/main.c:25:
C:/Users/user/Documents/GIT_WORKSPACE/NTFR_SW_V2/CubeMx/w25qxx/w25qxx.h:105:40: note: expected 'uint8_t *' {aka 'unsigned char *'} but argument is of type 'uint16_t *' {aka 'short unsigned int *'}
  105 |         void W25qxx_ReadBlock(uint8_t *pBuffer, uint32_t Block_Address, uint32_t OffsetInByte, uint32_t NumByteToRead_up_to_BlockSize);
      |                               ~~~~~~~~~^~~~~~~
../Core/Src/main.c: In function 'display_all_measuring_process_and_led':
../Core/Src/main.c:1094:59: warning: passing argument 1 of 'display_measuring_text' discards 'const' qualifier from pointer target type [-Wdiscarded-qualifiers]
 1094 |                   display_measuring_text(product_array[id].name , product_array[id].conductivity, measured_value, result_status, ENGLISH);
      |                                          ~~~~~~~~~~~~~~~~~^~~~~
In file included from C:/Users/user/Documents/GIT_WORKSPACE/NTFR_SW_V2/CubeMx/mysource/allmyheaders.h:13:
C:/Users/user/Documents/GIT_WORKSPACE/NTFR_SW_V2/CubeMx/mysource/measuring.h:35:34: note: expected 'char *' but argument is of type 'const char *'
   35 | void display_measuring_text(char*name , uint16_t reference_value, uint16_t measured_value, uint8_t status, uint8_t language);
      |                             ~~~~~^~~~
arm-none-eabi-gcc -o "CubeMx.elf" @"objects.list"   -mcpu=cortex-m4 -T"C:\Users\user\Documents\GIT_WORKSPACE\NTFR_SW_V2\CubeMx\STM32F401RCTX_FLASH.ld" --specs=nosys.specs -Wl,-Map="CubeMx.map" -Wl,--gc-sections -static --specs=nano.specs -mfpu=fpv4-sp-d16 -mfloat-abi=hard -mthumb -Wl,--start-group -lc -lm -Wl,--end-group
C:/ST/STM32CubeIDE_1.14.1/STM32CubeIDE/plugins/com.st.stm32cube.ide.mcu.externaltools.gnu-tools-for-stm32.12.3.rel1.win32_1.0.100.202403111256/tools/bin/../lib/gcc/arm-none-eabi/12.3.1/../../../../arm-none-eabi/bin/ld.exe: warning: CubeMx.elf has a LOAD segment with RWX permissions
Finished building target: CubeMx.elf
 
arm-none-eabi-size  CubeMx.elf 
arm-none-eabi-objdump -h -S CubeMx.elf  > "CubeMx.list"
arm-none-eabi-objcopy  -O ihex CubeMx.elf  "CubeMx.hex"
   text	   data	    bss	    dec	    hex	filename
  66596	   1584	   7848	  76028	  128fc	CubeMx.elf
Finished building: default.size.stdout
 
Finished building: CubeMx.hex
 
Finished building: CubeMx.list
 
21:15:21 **** Incremental Build of configuration Debug for project CubeMx ****
make -j16 all 
arm-none-eabi-size  CubeMx.elf 
   text	   data	    bss	    dec	    hex	filename
  66596	   1584	   7848	  76028	  128fc	CubeMx.elf
Finished building: default.size.stdout
 
21:15:32 **** Incremental Build of configuration Debug for project CubeMx ****
make -j16 all 
arm-none-eabi-size  CubeMx.elf 
   text	   data	    bss	    dec	    hex	filename
  66596	   1584	   7848	  76028	  128fc	CubeMx.elf
Finished building: default.size.stdout
 
21:16:37 **** Incremental Build of configuration Debug for project CubeMx ****
make -j16 all 
arm-none-eabi-gcc "../Core/Src/main.c" -mcpu=cortex-m4 -std=gnu11 -g3 -DDEBUG -DUSE_HAL_DRIVER -DSTM32F401xC -c -I../Core/Inc -I"C:/Users/user/Documents/GIT_WORKSPACE/NTFR_SW_V2/CubeMx/ST7735_inc" -I"C:/Users/user/Documents/GIT_WORKSPACE/NTFR_SW_V2/CubeMx/w25qxx" -I"C:/Users/user/Documents/GIT_WORKSPACE/NTFR_SW_V2/CubeMx/mysource" -I"C:/Users/user/Documents/GIT_WORKSPACE/NTFR_SW_V2/CubeMx/ST7735_src" -I../Drivers/STM32F4xx_HAL_Driver/Inc -I../Drivers/STM32F4xx_HAL_Driver/Inc/Legacy -I../Drivers/CMSIS/Device/ST/STM32F4xx/Include -I../Drivers/CMSIS/Include -I../USB_DEVICE/App -I../USB_DEVICE/Target -I../Middlewares/ST/STM32_USB_Device_Library/Core/Inc -I../Middlewares/ST/STM32_USB_Device_Library/Class/CDC/Inc -O0 -ffunction-sections -fdata-sections -Wall -fstack-usage -fcyclomatic-complexity -MMD -MP -MF"Core/Src/main.d" -MT"Core/Src/main.o" --specs=nano.specs -mfpu=fpv4-sp-d16 -mfloat-abi=hard -mthumb -o "Core/Src/main.o"
../Core/Src/main.c: In function 'SPI_Flash_to_LCD':
../Core/Src/main.c:204:26: warning: passing argument 1 of 'W25qxx_ReadBlock' from incompatible pointer type [-Wincompatible-pointer-types]
  204 |         W25qxx_ReadBlock(img_buffer, block, offset, img_byte_amount);
      |                          ^~~~~~~~~~
      |                          |
      |                          uint16_t * {aka short unsigned int *}
In file included from C:/Users/user/Documents/GIT_WORKSPACE/NTFR_SW_V2/CubeMx/mysource/allmyheaders.h:18,
                 from ../Core/Src/main.c:25:
C:/Users/user/Documents/GIT_WORKSPACE/NTFR_SW_V2/CubeMx/w25qxx/w25qxx.h:105:40: note: expected 'uint8_t *' {aka 'unsigned char *'} but argument is of type 'uint16_t *' {aka 'short unsigned int *'}
  105 |         void W25qxx_ReadBlock(uint8_t *pBuffer, uint32_t Block_Address, uint32_t OffsetInByte, uint32_t NumByteToRead_up_to_BlockSize);
      |                               ~~~~~~~~~^~~~~~~
../Core/Src/main.c: At top level:
../Core/Src/main.c:1068:6: error: conflicting types for 'display_all_measuring_process_and_led'; have 'void(uint16_t,  uint8_t)' {aka 'void(short unsigned int,  unsigned char)'}
 1068 | void display_all_measuring_process_and_led(uint16_t measured_value, uint8_t id)
      |      ^~~~~~~~~~~~~~~~~~~~~~~~~~~~~~~~~~~~~
In file included from C:/Users/user/Documents/GIT_WORKSPACE/NTFR_SW_V2/CubeMx/mysource/allmyheaders.h:13:
C:/Users/user/Documents/GIT_WORKSPACE/NTFR_SW_V2/CubeMx/mysource/measuring.h:37:6: note: previous declaration of 'display_all_measuring_process_and_led' with type 'void(uint8_t,  uint8_t)' {aka 'void(unsigned char,  unsigned char)'}
   37 | void display_all_measuring_process_and_led(uint8_t measured_value, uint8_t id);
      |      ^~~~~~~~~~~~~~~~~~~~~~~~~~~~~~~~~~~~~
../Core/Src/main.c: In function 'display_all_measuring_process_and_led':
../Core/Src/main.c:1094:59: warning: passing argument 1 of 'display_measuring_text' discards 'const' qualifier from pointer target type [-Wdiscarded-qualifiers]
 1094 |                   display_measuring_text(product_array[id].name , product_array[id].conductivity, measured_value, result_status, ENGLISH);
      |                                          ~~~~~~~~~~~~~~~~~^~~~~
C:/Users/user/Documents/GIT_WORKSPACE/NTFR_SW_V2/CubeMx/mysource/measuring.h:35:34: note: expected 'char *' but argument is of type 'const char *'
   35 | void display_measuring_text(char*name , uint16_t reference_value, uint16_t measured_value, uint8_t status, uint8_t language);
      |                             ~~~~~^~~~
make: *** [Core/Src/subdir.mk:34: Core/Src/main.o] Error 1
"make -j16 all" terminated with exit code 2. Build might be incomplete.
21:16:52 **** Incremental Build of configuration Debug for project CubeMx ****
make -j16 all 
arm-none-eabi-gcc "../mysource/measuring.c" -mcpu=cortex-m4 -std=gnu11 -g3 -DDEBUG -DUSE_HAL_DRIVER -DSTM32F401xC -c -I../Core/Inc -I"C:/Users/user/Documents/GIT_WORKSPACE/NTFR_SW_V2/CubeMx/ST7735_inc" -I"C:/Users/user/Documents/GIT_WORKSPACE/NTFR_SW_V2/CubeMx/w25qxx" -I"C:/Users/user/Documents/GIT_WORKSPACE/NTFR_SW_V2/CubeMx/mysource" -I"C:/Users/user/Documents/GIT_WORKSPACE/NTFR_SW_V2/CubeMx/ST7735_src" -I../Drivers/STM32F4xx_HAL_Driver/Inc -I../Drivers/STM32F4xx_HAL_Driver/Inc/Legacy -I../Drivers/CMSIS/Device/ST/STM32F4xx/Include -I../Drivers/CMSIS/Include -I../USB_DEVICE/App -I../USB_DEVICE/Target -I../Middlewares/ST/STM32_USB_Device_Library/Core/Inc -I../Middlewares/ST/STM32_USB_Device_Library/Class/CDC/Inc -O0 -ffunction-sections -fdata-sections -Wall -fstack-usage -fcyclomatic-complexity -MMD -MP -MF"mysource/measuring.d" -MT"mysource/measuring.o" --specs=nano.specs -mfpu=fpv4-sp-d16 -mfloat-abi=hard -mthumb -o "mysource/measuring.o"
arm-none-eabi-gcc "../mysource/touch.c" -mcpu=cortex-m4 -std=gnu11 -g3 -DDEBUG -DUSE_HAL_DRIVER -DSTM32F401xC -c -I../Core/Inc -I"C:/Users/user/Documents/GIT_WORKSPACE/NTFR_SW_V2/CubeMx/ST7735_inc" -I"C:/Users/user/Documents/GIT_WORKSPACE/NTFR_SW_V2/CubeMx/w25qxx" -I"C:/Users/user/Documents/GIT_WORKSPACE/NTFR_SW_V2/CubeMx/mysource" -I"C:/Users/user/Documents/GIT_WORKSPACE/NTFR_SW_V2/CubeMx/ST7735_src" -I../Drivers/STM32F4xx_HAL_Driver/Inc -I../Drivers/STM32F4xx_HAL_Driver/Inc/Legacy -I../Drivers/CMSIS/Device/ST/STM32F4xx/Include -I../Drivers/CMSIS/Include -I../USB_DEVICE/App -I../USB_DEVICE/Target -I../Middlewares/ST/STM32_USB_Device_Library/Core/Inc -I../Middlewares/ST/STM32_USB_Device_Library/Class/CDC/Inc -O0 -ffunction-sections -fdata-sections -Wall -fstack-usage -fcyclomatic-complexity -MMD -MP -MF"mysource/touch.d" -MT"mysource/touch.o" --specs=nano.specs -mfpu=fpv4-sp-d16 -mfloat-abi=hard -mthumb -o "mysource/touch.o"
arm-none-eabi-gcc "../Core/Src/main.c" -mcpu=cortex-m4 -std=gnu11 -g3 -DDEBUG -DUSE_HAL_DRIVER -DSTM32F401xC -c -I../Core/Inc -I"C:/Users/user/Documents/GIT_WORKSPACE/NTFR_SW_V2/CubeMx/ST7735_inc" -I"C:/Users/user/Documents/GIT_WORKSPACE/NTFR_SW_V2/CubeMx/w25qxx" -I"C:/Users/user/Documents/GIT_WORKSPACE/NTFR_SW_V2/CubeMx/mysource" -I"C:/Users/user/Documents/GIT_WORKSPACE/NTFR_SW_V2/CubeMx/ST7735_src" -I../Drivers/STM32F4xx_HAL_Driver/Inc -I../Drivers/STM32F4xx_HAL_Driver/Inc/Legacy -I../Drivers/CMSIS/Device/ST/STM32F4xx/Include -I../Drivers/CMSIS/Include -I../USB_DEVICE/App -I../USB_DEVICE/Target -I../Middlewares/ST/STM32_USB_Device_Library/Core/Inc -I../Middlewares/ST/STM32_USB_Device_Library/Class/CDC/Inc -O0 -ffunction-sections -fdata-sections -Wall -fstack-usage -fcyclomatic-complexity -MMD -MP -MF"Core/Src/main.d" -MT"Core/Src/main.o" --specs=nano.specs -mfpu=fpv4-sp-d16 -mfloat-abi=hard -mthumb -o "Core/Src/main.o"
arm-none-eabi-gcc "../Core/Src/stm32f4xx_it.c" -mcpu=cortex-m4 -std=gnu11 -g3 -DDEBUG -DUSE_HAL_DRIVER -DSTM32F401xC -c -I../Core/Inc -I"C:/Users/user/Documents/GIT_WORKSPACE/NTFR_SW_V2/CubeMx/ST7735_inc" -I"C:/Users/user/Documents/GIT_WORKSPACE/NTFR_SW_V2/CubeMx/w25qxx" -I"C:/Users/user/Documents/GIT_WORKSPACE/NTFR_SW_V2/CubeMx/mysource" -I"C:/Users/user/Documents/GIT_WORKSPACE/NTFR_SW_V2/CubeMx/ST7735_src" -I../Drivers/STM32F4xx_HAL_Driver/Inc -I../Drivers/STM32F4xx_HAL_Driver/Inc/Legacy -I../Drivers/CMSIS/Device/ST/STM32F4xx/Include -I../Drivers/CMSIS/Include -I../USB_DEVICE/App -I../USB_DEVICE/Target -I../Middlewares/ST/STM32_USB_Device_Library/Core/Inc -I../Middlewares/ST/STM32_USB_Device_Library/Class/CDC/Inc -O0 -ffunction-sections -fdata-sections -Wall -fstack-usage -fcyclomatic-complexity -MMD -MP -MF"Core/Src/stm32f4xx_it.d" -MT"Core/Src/stm32f4xx_it.o" --specs=nano.specs -mfpu=fpv4-sp-d16 -mfloat-abi=hard -mthumb -o "Core/Src/stm32f4xx_it.o"
../mysource/measuring.c: In function 'display_loading_status':
../mysource/measuring.c:277:9: warning: implicit declaration of function 'SPI_Flash_to_LCD' [-Wimplicit-function-declaration]
  277 |         SPI_Flash_to_LCD(LOADING_BAR,16224 + 1800 * bar_index, 100, 9, 48, 55);
      |         ^~~~~~~~~~~~~~~~
../mysource/measuring.c: At top level:
../mysource/measuring.c:304:2: warning: return type defaults to 'int' [-Wimplicit-int]
  304 |  display_product_norm(uint16_t reference_value, uint8_t language, uint8_t id)
      |  ^~~~~~~~~~~~~~~~~~~~
../mysource/measuring.c:304:2: warning: conflicting types for 'display_product_norm'
In file included from ../mysource/measuring.c:7:
../mysource/measuring.h:36:6: note: previous declaration of 'display_product_norm' with type 'void(uint16_t,  uint8_t)' {aka 'void(short unsigned int,  unsigned char)'}
   36 | void display_product_norm(uint16_t reference_value, uint8_t language);
      |      ^~~~~~~~~~~~~~~~~~~~
../mysource/measuring.c: In function 'display_loading_status':
../mysource/measuring.c:298:1: warning: control reaches end of non-void function [-Wreturn-type]
  298 | }
      | ^
../mysource/measuring.c: In function 'display_product_norm':
../mysource/measuring.c:307:33: warning: 'sprintf' may write a terminating nul past the end of the destination [-Wformat-overflow=]
  307 |         sprintf(char_buffer, "%d", reference_value );
      |                                 ^
../mysource/measuring.c:307:9: note: 'sprintf' output between 2 and 6 bytes into a destination of size 5
  307 |         sprintf(char_buffer, "%d", reference_value );
      |         ^~~~~~~~~~~~~~~~~~~~~~~~~~~~~~~~~~~~~~~~~~~~
../mysource/measuring.c: In function 'display_measuring_text':
../mysource/measuring.c:323:33: warning: 'sprintf' may write a terminating nul past the end of the destination [-Wformat-overflow=]
  323 |         sprintf(char_buffer, "%d", reference_value );
      |                                 ^
../mysource/measuring.c:323:9: note: 'sprintf' output between 2 and 6 bytes into a destination of size 5
  323 |         sprintf(char_buffer, "%d", reference_value );
      |         ^~~~~~~~~~~~~~~~~~~~~~~~~~~~~~~~~~~~~~~~~~~~
../mysource/measuring.c:326:33: warning: 'sprintf' may write a terminating nul past the end of the destination [-Wformat-overflow=]
  326 |         sprintf(char_buffer, "%d", measured_value );
      |                                 ^
../mysource/measuring.c:326:9: note: 'sprintf' output between 2 and 6 bytes into a destination of size 5
  326 |         sprintf(char_buffer, "%d", measured_value );
      |         ^~~~~~~~~~~~~~~~~~~~~~~~~~~~~~~~~~~~~~~~~~~
../Core/Src/main.c: In function 'SPI_Flash_to_LCD':
../Core/Src/main.c:204:26: warning: passing argument 1 of 'W25qxx_ReadBlock' from incompatible pointer type [-Wincompatible-pointer-types]
  204 |         W25qxx_ReadBlock(img_buffer, block, offset, img_byte_amount);
      |                          ^~~~~~~~~~
      |                          |
      |                          uint16_t * {aka short unsigned int *}
In file included from C:/Users/user/Documents/GIT_WORKSPACE/NTFR_SW_V2/CubeMx/mysource/allmyheaders.h:18,
                 from ../Core/Src/main.c:25:
C:/Users/user/Documents/GIT_WORKSPACE/NTFR_SW_V2/CubeMx/w25qxx/w25qxx.h:105:40: note: expected 'uint8_t *' {aka 'unsigned char *'} but argument is of type 'uint16_t *' {aka 'short unsigned int *'}
  105 |         void W25qxx_ReadBlock(uint8_t *pBuffer, uint32_t Block_Address, uint32_t OffsetInByte, uint32_t NumByteToRead_up_to_BlockSize);
      |                               ~~~~~~~~~^~~~~~~
../Core/Src/main.c: In function 'display_all_measuring_process_and_led':
../Core/Src/main.c:1094:59: warning: passing argument 1 of 'display_measuring_text' discards 'const' qualifier from pointer target type [-Wdiscarded-qualifiers]
 1094 |                   display_measuring_text(product_array[id].name , product_array[id].conductivity, measured_value, result_status, ENGLISH);
      |                                          ~~~~~~~~~~~~~~~~~^~~~~
In file included from C:/Users/user/Documents/GIT_WORKSPACE/NTFR_SW_V2/CubeMx/mysource/allmyheaders.h:13:
C:/Users/user/Documents/GIT_WORKSPACE/NTFR_SW_V2/CubeMx/mysource/measuring.h:35:34: note: expected 'char *' but argument is of type 'const char *'
   35 | void display_measuring_text(char*name , uint16_t reference_value, uint16_t measured_value, uint8_t status, uint8_t language);
      |                             ~~~~~^~~~
arm-none-eabi-gcc -o "CubeMx.elf" @"objects.list"   -mcpu=cortex-m4 -T"C:\Users\user\Documents\GIT_WORKSPACE\NTFR_SW_V2\CubeMx\STM32F401RCTX_FLASH.ld" --specs=nosys.specs -Wl,-Map="CubeMx.map" -Wl,--gc-sections -static --specs=nano.specs -mfpu=fpv4-sp-d16 -mfloat-abi=hard -mthumb -Wl,--start-group -lc -lm -Wl,--end-group
C:/ST/STM32CubeIDE_1.14.1/STM32CubeIDE/plugins/com.st.stm32cube.ide.mcu.externaltools.gnu-tools-for-stm32.12.3.rel1.win32_1.0.100.202403111256/tools/bin/../lib/gcc/arm-none-eabi/12.3.1/../../../../arm-none-eabi/bin/ld.exe: warning: CubeMx.elf has a LOAD segment with RWX permissions
Finished building target: CubeMx.elf
 
arm-none-eabi-size  CubeMx.elf 
arm-none-eabi-objdump -h -S CubeMx.elf  > "CubeMx.list"
arm-none-eabi-objcopy  -O ihex CubeMx.elf  "CubeMx.hex"
   text	   data	    bss	    dec	    hex	filename
  66588	   1584	   7848	  76020	  128f4	CubeMx.elf
Finished building: default.size.stdout
 
Finished building: CubeMx.hex
 
Finished building: CubeMx.list
 
